INFO  [Thread-5] 2016-03-01 11:10:34,792 repast.simphony.batch.ssh.LocalSession - AO=0.01 TO=0.0 Option=15
INFO  [Thread-5] 2016-03-01 11:10:36,220 repast.simphony.batch.ssh.LocalSession - AO=0.01 TO=0.0 Option=17
INFO  [Thread-5] 2016-03-01 11:10:36,430 repast.simphony.batch.ssh.LocalSession - AO=0.0 TO=0.0 Option=14
INFO  [Thread-5] 2016-03-01 11:10:36,769 repast.simphony.batch.ssh.LocalSession - AO=0.02 TO=0.0 Option=15
INFO  [Thread-5] 2016-03-01 11:10:37,214 repast.simphony.batch.ssh.LocalSession - AO=0.0 TO=0.0 Option=16
INFO  [Thread-5] 2016-03-01 11:10:38,208 repast.simphony.batch.ssh.LocalSession - AO=0.02 TO=0.0 Option=17
INFO  [Thread-5] 2016-03-01 11:10:38,912 repast.simphony.batch.ssh.LocalSession - AO=0.05 TO=0.0 Option=15
INFO  [Thread-5] 2016-03-01 11:10:39,161 repast.simphony.batch.ssh.LocalSession - AO=0.01 TO=0.0 Option=14
INFO  [Thread-5] 2016-03-01 11:10:39,707 repast.simphony.batch.ssh.LocalSession - AO=0.01 TO=0.0 Option=16
INFO  [Thread-5] 2016-03-01 11:10:40,532 repast.simphony.batch.ssh.LocalSession - AO=0.05 TO=0.0 Option=17
INFO  [Thread-5] 2016-03-01 11:10:41,151 repast.simphony.batch.ssh.LocalSession - AO=0.1 TO=0.0 Option=15
INFO  [Thread-5] 2016-03-01 11:10:42,124 repast.simphony.batch.ssh.LocalSession - AO=0.02 TO=0.0 Option=14
INFO  [Thread-5] 2016-03-01 11:10:42,432 repast.simphony.batch.ssh.LocalSession - AO=0.1 TO=0.0 Option=17
INFO  [Thread-5] 2016-03-01 11:10:42,776 repast.simphony.batch.ssh.LocalSession - AO=0.02 TO=0.0 Option=16
INFO  [Thread-5] 2016-03-01 11:10:43,038 repast.simphony.batch.ssh.LocalSession - AO=0.0 TO=0.0 Option=15
INFO  [Thread-5] 2016-03-01 11:10:44,946 repast.simphony.batch.ssh.LocalSession - AO=0.05 TO=0.0 Option=14
INFO  [Thread-5] 2016-03-01 11:10:45,034 repast.simphony.batch.ssh.LocalSession - AO=0.0 TO=0.0 Option=17
INFO  [Thread-5] 2016-03-01 11:10:45,456 repast.simphony.batch.ssh.LocalSession - AO=0.05 TO=0.0 Option=16
INFO  [Thread-5] 2016-03-01 11:10:45,475 repast.simphony.batch.ssh.LocalSession - AO=0.01 TO=0.0 Option=15
INFO  [Thread-5] 2016-03-01 11:10:47,001 repast.simphony.batch.ssh.LocalSession - AO=0.1 TO=0.0 Option=14
INFO  [Thread-5] 2016-03-01 11:10:47,039 repast.simphony.batch.ssh.LocalSession - AO=0.01 TO=0.0 Option=17
INFO  [Thread-5] 2016-03-01 11:10:47,565 repast.simphony.batch.ssh.LocalSession - AO=0.02 TO=0.0 Option=15
INFO  [Thread-5] 2016-03-01 11:10:47,637 repast.simphony.batch.ssh.LocalSession - AO=0.1 TO=0.0 Option=16
INFO  [Thread-5] 2016-03-01 11:10:49,052 repast.simphony.batch.ssh.LocalSession - AO=0.02 TO=0.0 Option=17
INFO  [Thread-5] 2016-03-01 11:10:49,439 repast.simphony.batch.ssh.LocalSession - AO=0.05 TO=0.0 Option=15
INFO  [Thread-5] 2016-03-01 11:10:49,599 repast.simphony.batch.ssh.LocalSession - AO=0.0 TO=0.0 Option=14
INFO  [Thread-5] 2016-03-01 11:10:50,291 repast.simphony.batch.ssh.LocalSession - AO=0.0 TO=0.0 Option=16
INFO  [Thread-5] 2016-03-01 11:10:50,997 repast.simphony.batch.ssh.LocalSession - AO=0.05 TO=0.0 Option=17
INFO  [Thread-5] 2016-03-01 11:10:51,420 repast.simphony.batch.ssh.LocalSession - AO=0.1 TO=0.0 Option=15
INFO  [Thread-5] 2016-03-01 11:10:52,267 repast.simphony.batch.ssh.LocalSession - AO=0.01 TO=0.0 Option=14
INFO  [Thread-5] 2016-03-01 11:10:52,611 repast.simphony.batch.ssh.LocalSession - AO=0.1 TO=0.0 Option=17
INFO  [Thread-5] 2016-03-01 11:10:52,896 repast.simphony.batch.ssh.LocalSession - AO=0.01 TO=0.0 Option=16
INFO  [Thread-5] 2016-03-01 11:10:53,073 repast.simphony.batch.ssh.LocalSession - AO=0.0 TO=0.01 Option=15
INFO  [Thread-5] 2016-03-01 11:10:54,710 repast.simphony.batch.ssh.LocalSession - AO=0.02 TO=0.0 Option=14
INFO  [Thread-5] 2016-03-01 11:10:55,031 repast.simphony.batch.ssh.LocalSession - AO=0.0 TO=0.01 Option=17
INFO  [Thread-5] 2016-03-01 11:10:55,269 repast.simphony.batch.ssh.LocalSession - AO=0.02 TO=0.0 Option=16
INFO  [Thread-5] 2016-03-01 11:10:55,426 repast.simphony.batch.ssh.LocalSession - AO=0.01 TO=0.01 Option=15
INFO  [Thread-5] 2016-03-01 11:10:56,893 repast.simphony.batch.ssh.LocalSession - AO=0.05 TO=0.0 Option=14
INFO  [pool-2-thread-1] 2016-03-01 11:10:57,208 repast.simphony.batch.ssh.LocalDonePoller - Polled /var/folders/h8/7b73sc6902716_n5j75pgh140000gn/T/simphony_model_1456852192683 for DONE:  no
INFO  [Thread-5] 2016-03-01 11:10:57,271 repast.simphony.batch.ssh.LocalSession - AO=0.01 TO=0.01 Option=17
INFO  [Thread-5] 2016-03-01 11:10:57,655 repast.simphony.batch.ssh.LocalSession - AO=0.05 TO=0.0 Option=16
INFO  [Thread-5] 2016-03-01 11:10:57,750 repast.simphony.batch.ssh.LocalSession - AO=0.02 TO=0.01 Option=15
INFO  [Thread-5] 2016-03-01 11:10:59,063 repast.simphony.batch.ssh.LocalSession - AO=0.1 TO=0.0 Option=14
INFO  [Thread-5] 2016-03-01 11:10:59,196 repast.simphony.batch.ssh.LocalSession - AO=0.02 TO=0.01 Option=17
INFO  [Thread-5] 2016-03-01 11:10:59,755 repast.simphony.batch.ssh.LocalSession - AO=0.1 TO=0.0 Option=16
INFO  [Thread-5] 2016-03-01 11:10:59,816 repast.simphony.batch.ssh.LocalSession - AO=0.05 TO=0.01 Option=15
INFO  [Thread-5] 2016-03-01 11:11:01,256 repast.simphony.batch.ssh.LocalSession - AO=0.05 TO=0.01 Option=17
INFO  [Thread-5] 2016-03-01 11:11:01,842 repast.simphony.batch.ssh.LocalSession - AO=0.1 TO=0.01 Option=15
INFO  [Thread-5] 2016-03-01 11:11:02,220 repast.simphony.batch.ssh.LocalSession - AO=0.0 TO=0.01 Option=14
INFO  [Thread-5] 2016-03-01 11:11:02,846 repast.simphony.batch.ssh.LocalSession - AO=0.0 TO=0.01 Option=16
INFO  [Thread-5] 2016-03-01 11:11:03,208 repast.simphony.batch.ssh.LocalSession - AO=0.1 TO=0.01 Option=17
INFO  [Thread-5] 2016-03-01 11:11:03,595 repast.simphony.batch.ssh.LocalSession - AO=0.0 TO=0.01 Option=15
INFO  [Thread-5] 2016-03-01 11:11:04,876 repast.simphony.batch.ssh.LocalSession - AO=0.01 TO=0.01 Option=14
INFO  [Thread-5] 2016-03-01 11:11:05,414 repast.simphony.batch.ssh.LocalSession - AO=0.0 TO=0.01 Option=17
INFO  [Thread-5] 2016-03-01 11:11:05,524 repast.simphony.batch.ssh.LocalSession - AO=0.01 TO=0.01 Option=16
INFO  [Thread-5] 2016-03-01 11:11:05,997 repast.simphony.batch.ssh.LocalSession - AO=0.01 TO=0.01 Option=15
INFO  [Thread-5] 2016-03-01 11:11:07,497 repast.simphony.batch.ssh.LocalSession - AO=0.02 TO=0.01 Option=14
INFO  [Thread-5] 2016-03-01 11:11:07,687 repast.simphony.batch.ssh.LocalSession - AO=0.01 TO=0.01 Option=17
INFO  [Thread-5] 2016-03-01 11:11:08,117 repast.simphony.batch.ssh.LocalSession - AO=0.02 TO=0.01 Option=16
INFO  [Thread-5] 2016-03-01 11:11:08,148 repast.simphony.batch.ssh.LocalSession - AO=0.02 TO=0.01 Option=15
INFO  [Thread-5] 2016-03-01 11:11:09,702 repast.simphony.batch.ssh.LocalSession - AO=0.02 TO=0.01 Option=17
INFO  [Thread-5] 2016-03-01 11:11:10,024 repast.simphony.batch.ssh.LocalSession - AO=0.05 TO=0.01 Option=14
INFO  [Thread-5] 2016-03-01 11:11:10,157 repast.simphony.batch.ssh.LocalSession - AO=0.05 TO=0.01 Option=15
INFO  [Thread-5] 2016-03-01 11:11:10,656 repast.simphony.batch.ssh.LocalSession - AO=0.05 TO=0.01 Option=16
INFO  [Thread-5] 2016-03-01 11:11:11,530 repast.simphony.batch.ssh.LocalSession - AO=0.05 TO=0.01 Option=17
INFO  [Thread-5] 2016-03-01 11:11:12,044 repast.simphony.batch.ssh.LocalSession - AO=0.1 TO=0.01 Option=15
INFO  [Thread-5] 2016-03-01 11:11:12,244 repast.simphony.batch.ssh.LocalSession - AO=0.1 TO=0.01 Option=14
INFO  [Thread-5] 2016-03-01 11:11:12,927 repast.simphony.batch.ssh.LocalSession - AO=0.1 TO=0.01 Option=16
INFO  [Thread-5] 2016-03-01 11:11:13,303 repast.simphony.batch.ssh.LocalSession - AO=0.1 TO=0.01 Option=17
INFO  [Thread-5] 2016-03-01 11:11:13,743 repast.simphony.batch.ssh.LocalSession - AO=0.0 TO=0.01 Option=15
INFO  [Thread-5] 2016-03-01 11:11:15,077 repast.simphony.batch.ssh.LocalSession - AO=0.0 TO=0.01 Option=14
INFO  [Thread-5] 2016-03-01 11:11:15,628 repast.simphony.batch.ssh.LocalSession - AO=0.0 TO=0.01 Option=16
INFO  [Thread-5] 2016-03-01 11:11:15,642 repast.simphony.batch.ssh.LocalSession - AO=0.0 TO=0.01 Option=17
INFO  [Thread-5] 2016-03-01 11:11:16,084 repast.simphony.batch.ssh.LocalSession - AO=0.01 TO=0.01 Option=15
INFO  [Thread-5] 2016-03-01 11:11:17,623 repast.simphony.batch.ssh.LocalSession - AO=0.01 TO=0.01 Option=14
INFO  [Thread-5] 2016-03-01 11:11:17,841 repast.simphony.batch.ssh.LocalSession - AO=0.01 TO=0.01 Option=17
INFO  [Thread-5] 2016-03-01 11:11:18,299 repast.simphony.batch.ssh.LocalSession - AO=0.01 TO=0.01 Option=16
INFO  [Thread-5] 2016-03-01 11:11:18,474 repast.simphony.batch.ssh.LocalSession - AO=0.02 TO=0.01 Option=15
INFO  [Thread-5] 2016-03-01 11:11:20,160 repast.simphony.batch.ssh.LocalSession - AO=0.02 TO=0.01 Option=17
INFO  [Thread-5] 2016-03-01 11:11:20,179 repast.simphony.batch.ssh.LocalSession - AO=0.02 TO=0.01 Option=14
INFO  [Thread-5] 2016-03-01 11:11:20,708 repast.simphony.batch.ssh.LocalSession - AO=0.05 TO=0.01 Option=15
INFO  [Thread-5] 2016-03-01 11:11:20,789 repast.simphony.batch.ssh.LocalSession - AO=0.02 TO=0.01 Option=16
INFO  [Thread-5] 2016-03-01 11:11:22,013 repast.simphony.batch.ssh.LocalSession - AO=0.05 TO=0.01 Option=17
INFO  [Thread-5] 2016-03-01 11:11:22,440 repast.simphony.batch.ssh.LocalSession - AO=0.05 TO=0.01 Option=14
INFO  [Thread-5] 2016-03-01 11:11:22,490 repast.simphony.batch.ssh.LocalSession - AO=0.1 TO=0.01 Option=15
INFO  [Thread-5] 2016-03-01 11:11:23,005 repast.simphony.batch.ssh.LocalSession - AO=0.05 TO=0.01 Option=16
INFO  [Thread-5] 2016-03-01 11:11:23,689 repast.simphony.batch.ssh.LocalSession - AO=0.1 TO=0.01 Option=17
INFO  [Thread-5] 2016-03-01 11:11:24,205 repast.simphony.batch.ssh.LocalSession - AO=0.0 TO=0.02 Option=15
INFO  [Thread-5] 2016-03-01 11:11:24,688 repast.simphony.batch.ssh.LocalSession - AO=0.1 TO=0.01 Option=14
INFO  [Thread-5] 2016-03-01 11:11:25,156 repast.simphony.batch.ssh.LocalSession - AO=0.1 TO=0.01 Option=16
INFO  [Thread-5] 2016-03-01 11:11:26,237 repast.simphony.batch.ssh.LocalSession - AO=0.0 TO=0.02 Option=17
INFO  [Thread-5] 2016-03-01 11:11:26,789 repast.simphony.batch.ssh.LocalSession - AO=0.01 TO=0.02 Option=15
INFO  [Thread-5] 2016-03-01 11:11:27,530 repast.simphony.batch.ssh.LocalSession - AO=0.0 TO=0.01 Option=14
INFO  [Thread-5] 2016-03-01 11:11:28,067 repast.simphony.batch.ssh.LocalSession - AO=0.0 TO=0.01 Option=16
INFO  [Thread-5] 2016-03-01 11:11:28,571 repast.simphony.batch.ssh.LocalSession - AO=0.01 TO=0.02 Option=17
INFO  [Thread-5] 2016-03-01 11:11:28,988 repast.simphony.batch.ssh.LocalSession - AO=0.02 TO=0.02 Option=15
INFO  [Thread-5] 2016-03-01 11:11:30,220 repast.simphony.batch.ssh.LocalSession - AO=0.01 TO=0.01 Option=14
INFO  [Thread-5] 2016-03-01 11:11:30,828 repast.simphony.batch.ssh.LocalSession - AO=0.02 TO=0.02 Option=17
INFO  [Thread-5] 2016-03-01 11:11:30,986 repast.simphony.batch.ssh.LocalSession - AO=0.01 TO=0.01 Option=16
INFO  [Thread-5] 2016-03-01 11:11:31,374 repast.simphony.batch.ssh.LocalSession - AO=0.05 TO=0.02 Option=15
INFO  [Thread-5] 2016-03-01 11:11:32,898 repast.simphony.batch.ssh.LocalSession - AO=0.05 TO=0.02 Option=17
INFO  [Thread-5] 2016-03-01 11:11:33,196 repast.simphony.batch.ssh.LocalSession - AO=0.02 TO=0.01 Option=14
INFO  [Thread-5] 2016-03-01 11:11:33,375 repast.simphony.batch.ssh.LocalSession - AO=0.1 TO=0.02 Option=15
INFO  [Thread-5] 2016-03-01 11:11:33,772 repast.simphony.batch.ssh.LocalSession - AO=0.02 TO=0.01 Option=16
INFO  [Thread-5] 2016-03-01 11:11:34,538 repast.simphony.batch.ssh.LocalSession - AO=0.1 TO=0.02 Option=17
INFO  [Thread-5] 2016-03-01 11:11:35,021 repast.simphony.batch.ssh.LocalSession - AO=0.0 TO=0.02 Option=15
INFO  [Thread-5] 2016-03-01 11:11:35,397 repast.simphony.batch.ssh.LocalSession - AO=0.05 TO=0.01 Option=14
INFO  [Thread-5] 2016-03-01 11:11:35,984 repast.simphony.batch.ssh.LocalSession - AO=0.05 TO=0.01 Option=16
INFO  [Thread-5] 2016-03-01 11:11:37,107 repast.simphony.batch.ssh.LocalSession - AO=0.0 TO=0.02 Option=17
INFO  [Thread-5] 2016-03-01 11:11:37,506 repast.simphony.batch.ssh.LocalSession - AO=0.01 TO=0.02 Option=15
INFO  [Thread-5] 2016-03-01 11:11:37,575 repast.simphony.batch.ssh.LocalSession - AO=0.1 TO=0.01 Option=14
INFO  [Thread-5] 2016-03-01 11:11:38,123 repast.simphony.batch.ssh.LocalSession - AO=0.1 TO=0.01 Option=16
INFO  [Thread-5] 2016-03-01 11:11:39,325 repast.simphony.batch.ssh.LocalSession - AO=0.01 TO=0.02 Option=17
INFO  [Thread-5] 2016-03-01 11:11:39,719 repast.simphony.batch.ssh.LocalSession - AO=0.02 TO=0.02 Option=15
INFO  [Thread-5] 2016-03-01 11:11:40,528 repast.simphony.batch.ssh.LocalSession - AO=0.0 TO=0.02 Option=14
INFO  [Thread-5] 2016-03-01 11:11:41,243 repast.simphony.batch.ssh.LocalSession - AO=0.0 TO=0.02 Option=16
INFO  [Thread-5] 2016-03-01 11:11:41,332 repast.simphony.batch.ssh.LocalSession - AO=0.02 TO=0.02 Option=17
INFO  [Thread-5] 2016-03-01 11:11:41,760 repast.simphony.batch.ssh.LocalSession - AO=0.05 TO=0.02 Option=15
INFO  [Thread-5] 2016-03-01 11:11:43,211 repast.simphony.batch.ssh.LocalSession - AO=0.05 TO=0.02 Option=17
INFO  [Thread-5] 2016-03-01 11:11:43,477 repast.simphony.batch.ssh.LocalSession - AO=0.01 TO=0.02 Option=14
INFO  [Thread-5] 2016-03-01 11:11:43,765 repast.simphony.batch.ssh.LocalSession - AO=0.1 TO=0.02 Option=15
INFO  [Thread-5] 2016-03-01 11:11:44,101 repast.simphony.batch.ssh.LocalSession - AO=0.01 TO=0.02 Option=16
INFO  [Thread-5] 2016-03-01 11:11:44,948 repast.simphony.batch.ssh.LocalSession - AO=0.1 TO=0.02 Option=17
INFO  [Thread-5] 2016-03-01 11:11:45,444 repast.simphony.batch.ssh.LocalSession - AO=0.0 TO=0.02 Option=15
INFO  [Thread-5] 2016-03-01 11:11:46,297 repast.simphony.batch.ssh.LocalSession - AO=0.02 TO=0.02 Option=14
INFO  [Thread-5] 2016-03-01 11:11:46,825 repast.simphony.batch.ssh.LocalSession - AO=0.02 TO=0.02 Option=16
INFO  [Thread-5] 2016-03-01 11:11:47,660 repast.simphony.batch.ssh.LocalSession - AO=0.0 TO=0.02 Option=17
INFO  [Thread-5] 2016-03-01 11:11:48,131 repast.simphony.batch.ssh.LocalSession - AO=0.01 TO=0.02 Option=15
INFO  [Thread-5] 2016-03-01 11:11:48,550 repast.simphony.batch.ssh.LocalSession - AO=0.05 TO=0.02 Option=14
INFO  [Thread-5] 2016-03-01 11:11:49,033 repast.simphony.batch.ssh.LocalSession - AO=0.05 TO=0.02 Option=16
INFO  [Thread-5] 2016-03-01 11:11:49,725 repast.simphony.batch.ssh.LocalSession - AO=0.01 TO=0.02 Option=17
INFO  [Thread-5] 2016-03-01 11:11:50,178 repast.simphony.batch.ssh.LocalSession - AO=0.02 TO=0.02 Option=15
INFO  [Thread-5] 2016-03-01 11:11:50,576 repast.simphony.batch.ssh.LocalSession - AO=0.1 TO=0.02 Option=14
INFO  [Thread-5] 2016-03-01 11:11:51,250 repast.simphony.batch.ssh.LocalSession - AO=0.1 TO=0.02 Option=16
INFO  [Thread-5] 2016-03-01 11:11:51,972 repast.simphony.batch.ssh.LocalSession - AO=0.02 TO=0.02 Option=17
INFO  [Thread-5] 2016-03-01 11:11:52,608 repast.simphony.batch.ssh.LocalSession - AO=0.05 TO=0.02 Option=15
INFO  [Thread-5] 2016-03-01 11:11:53,686 repast.simphony.batch.ssh.LocalSession - AO=0.0 TO=0.02 Option=14
INFO  [Thread-5] 2016-03-01 11:11:53,978 repast.simphony.batch.ssh.LocalSession - AO=0.05 TO=0.02 Option=17
INFO  [Thread-5] 2016-03-01 11:11:54,274 repast.simphony.batch.ssh.LocalSession - AO=0.0 TO=0.02 Option=16
INFO  [Thread-5] 2016-03-01 11:11:54,430 repast.simphony.batch.ssh.LocalSession - AO=0.1 TO=0.02 Option=15
INFO  [Thread-5] 2016-03-01 11:11:55,602 repast.simphony.batch.ssh.LocalSession - AO=0.1 TO=0.02 Option=17
INFO  [Thread-5] 2016-03-01 11:11:56,051 repast.simphony.batch.ssh.LocalSession - AO=0.0 TO=0.05 Option=15
INFO  [Thread-5] 2016-03-01 11:11:56,262 repast.simphony.batch.ssh.LocalSession - AO=0.01 TO=0.02 Option=14
INFO  [Thread-5] 2016-03-01 11:11:56,735 repast.simphony.batch.ssh.LocalSession - AO=0.01 TO=0.02 Option=16
INFO  [pool-2-thread-1] 2016-03-01 11:11:57,212 repast.simphony.batch.ssh.LocalDonePoller - Polled /var/folders/h8/7b73sc6902716_n5j75pgh140000gn/T/simphony_model_1456852192683 for DONE:  no
INFO  [Thread-5] 2016-03-01 11:11:58,431 repast.simphony.batch.ssh.LocalSession - AO=0.0 TO=0.05 Option=17
INFO  [Thread-5] 2016-03-01 11:11:58,718 repast.simphony.batch.ssh.LocalSession - AO=0.02 TO=0.02 Option=14
INFO  [Thread-5] 2016-03-01 11:11:58,866 repast.simphony.batch.ssh.LocalSession - AO=0.01 TO=0.05 Option=15
INFO  [Thread-5] 2016-03-01 11:11:59,302 repast.simphony.batch.ssh.LocalSession - AO=0.02 TO=0.02 Option=16
INFO  [Thread-5] 2016-03-01 11:12:01,098 repast.simphony.batch.ssh.LocalSession - AO=0.01 TO=0.05 Option=17
INFO  [Thread-5] 2016-03-01 11:12:01,216 repast.simphony.batch.ssh.LocalSession - AO=0.05 TO=0.02 Option=14
INFO  [Thread-5] 2016-03-01 11:12:01,664 repast.simphony.batch.ssh.LocalSession - AO=0.02 TO=0.05 Option=15
INFO  [Thread-5] 2016-03-01 11:12:01,878 repast.simphony.batch.ssh.LocalSession - AO=0.05 TO=0.02 Option=16
INFO  [Thread-5] 2016-03-01 11:12:03,461 repast.simphony.batch.ssh.LocalSession - AO=0.1 TO=0.02 Option=14
INFO  [Thread-5] 2016-03-01 11:12:03,514 repast.simphony.batch.ssh.LocalSession - AO=0.02 TO=0.05 Option=17
INFO  [Thread-5] 2016-03-01 11:12:04,085 repast.simphony.batch.ssh.LocalSession - AO=0.05 TO=0.05 Option=15
INFO  [Thread-5] 2016-03-01 11:12:04,105 repast.simphony.batch.ssh.LocalSession - AO=0.1 TO=0.02 Option=16
INFO  [Thread-5] 2016-03-01 11:12:05,621 repast.simphony.batch.ssh.LocalSession - AO=0.05 TO=0.05 Option=17
INFO  [Thread-5] 2016-03-01 11:12:06,114 repast.simphony.batch.ssh.LocalSession - AO=0.1 TO=0.05 Option=15
INFO  [Thread-5] 2016-03-01 11:12:06,534 repast.simphony.batch.ssh.LocalSession - AO=0.0 TO=0.02 Option=14
INFO  [Thread-5] 2016-03-01 11:12:07,029 repast.simphony.batch.ssh.LocalSession - AO=0.0 TO=0.02 Option=16
INFO  [Thread-5] 2016-03-01 11:12:07,151 repast.simphony.batch.ssh.LocalSession - AO=0.1 TO=0.05 Option=17
INFO  [Thread-5] 2016-03-01 11:12:07,671 repast.simphony.batch.ssh.LocalSession - AO=0.0 TO=0.05 Option=15
INFO  [Thread-5] 2016-03-01 11:12:09,319 repast.simphony.batch.ssh.LocalSession - AO=0.01 TO=0.02 Option=14
INFO  [Thread-5] 2016-03-01 11:12:09,832 repast.simphony.batch.ssh.LocalSession - AO=0.01 TO=0.02 Option=16
INFO  [Thread-5] 2016-03-01 11:12:09,989 repast.simphony.batch.ssh.LocalSession - AO=0.0 TO=0.05 Option=17
INFO  [Thread-5] 2016-03-01 11:12:10,408 repast.simphony.batch.ssh.LocalSession - AO=0.01 TO=0.05 Option=15
INFO  [Thread-5] 2016-03-01 11:12:11,746 repast.simphony.batch.ssh.LocalSession - AO=0.02 TO=0.02 Option=14
INFO  [Thread-5] 2016-03-01 11:12:12,254 repast.simphony.batch.ssh.LocalSession - AO=0.01 TO=0.05 Option=17
INFO  [Thread-5] 2016-03-01 11:12:12,351 repast.simphony.batch.ssh.LocalSession - AO=0.02 TO=0.02 Option=16
INFO  [Thread-5] 2016-03-01 11:12:12,760 repast.simphony.batch.ssh.LocalSession - AO=0.02 TO=0.05 Option=15
INFO  [Thread-5] 2016-03-01 11:12:14,109 repast.simphony.batch.ssh.LocalSession - AO=0.05 TO=0.02 Option=14
INFO  [Thread-5] 2016-03-01 11:12:14,532 repast.simphony.batch.ssh.LocalSession - AO=0.02 TO=0.05 Option=17
INFO  [Thread-5] 2016-03-01 11:12:14,831 repast.simphony.batch.ssh.LocalSession - AO=0.05 TO=0.02 Option=16
INFO  [Thread-5] 2016-03-01 11:12:15,060 repast.simphony.batch.ssh.LocalSession - AO=0.05 TO=0.05 Option=15
INFO  [Thread-5] 2016-03-01 11:12:16,480 repast.simphony.batch.ssh.LocalSession - AO=0.1 TO=0.02 Option=14
INFO  [Thread-5] 2016-03-01 11:12:16,587 repast.simphony.batch.ssh.LocalSession - AO=0.05 TO=0.05 Option=17
INFO  [Thread-5] 2016-03-01 11:12:17,027 repast.simphony.batch.ssh.LocalSession - AO=0.1 TO=0.02 Option=16
INFO  [Thread-5] 2016-03-01 11:12:17,061 repast.simphony.batch.ssh.LocalSession - AO=0.1 TO=0.05 Option=15
INFO  [Thread-5] 2016-03-01 11:12:18,221 repast.simphony.batch.ssh.LocalSession - AO=0.1 TO=0.05 Option=17
INFO  [Thread-5] 2016-03-01 11:12:18,692 repast.simphony.batch.ssh.LocalSession - AO=0.0 TO=0.05 Option=15
INFO  [Thread-5] 2016-03-01 11:12:19,846 repast.simphony.batch.ssh.LocalSession - AO=0.0 TO=0.05 Option=14
INFO  [Thread-5] 2016-03-01 11:12:20,455 repast.simphony.batch.ssh.LocalSession - AO=0.0 TO=0.05 Option=16
INFO  [Thread-5] 2016-03-01 11:12:21,208 repast.simphony.batch.ssh.LocalSession - AO=0.0 TO=0.05 Option=17
INFO  [Thread-5] 2016-03-01 11:12:21,704 repast.simphony.batch.ssh.LocalSession - AO=0.01 TO=0.05 Option=15
INFO  [Thread-5] 2016-03-01 11:12:22,903 repast.simphony.batch.ssh.LocalSession - AO=0.01 TO=0.05 Option=14
INFO  [Thread-5] 2016-03-01 11:12:23,375 repast.simphony.batch.ssh.LocalSession - AO=0.01 TO=0.05 Option=16
INFO  [Thread-5] 2016-03-01 11:12:23,681 repast.simphony.batch.ssh.LocalSession - AO=0.01 TO=0.05 Option=17
INFO  [Thread-5] 2016-03-01 11:12:24,165 repast.simphony.batch.ssh.LocalSession - AO=0.02 TO=0.05 Option=15
INFO  [Thread-5] 2016-03-01 11:12:25,444 repast.simphony.batch.ssh.LocalSession - AO=0.02 TO=0.05 Option=14
INFO  [Thread-5] 2016-03-01 11:12:25,872 repast.simphony.batch.ssh.LocalSession - AO=0.02 TO=0.05 Option=17
INFO  [Thread-5] 2016-03-01 11:12:25,991 repast.simphony.batch.ssh.LocalSession - AO=0.02 TO=0.05 Option=16
INFO  [Thread-5] 2016-03-01 11:12:26,413 repast.simphony.batch.ssh.LocalSession - AO=0.05 TO=0.05 Option=15
INFO  [Thread-5] 2016-03-01 11:12:27,875 repast.simphony.batch.ssh.LocalSession - AO=0.05 TO=0.05 Option=17
INFO  [Thread-5] 2016-03-01 11:12:27,979 repast.simphony.batch.ssh.LocalSession - AO=0.05 TO=0.05 Option=14
INFO  [Thread-5] 2016-03-01 11:12:28,387 repast.simphony.batch.ssh.LocalSession - AO=0.1 TO=0.05 Option=15
INFO  [Thread-5] 2016-03-01 11:12:28,529 repast.simphony.batch.ssh.LocalSession - AO=0.05 TO=0.05 Option=16
INFO  [Thread-5] 2016-03-01 11:12:29,645 repast.simphony.batch.ssh.LocalSession - AO=0.1 TO=0.05 Option=17
INFO  [Thread-5] 2016-03-01 11:12:30,154 repast.simphony.batch.ssh.LocalSession - AO=0.0 TO=0.1 Option=15
INFO  [Thread-5] 2016-03-01 11:12:30,173 repast.simphony.batch.ssh.LocalSession - AO=0.1 TO=0.05 Option=14
INFO  [Thread-5] 2016-03-01 11:12:30,646 repast.simphony.batch.ssh.LocalSession - AO=0.1 TO=0.05 Option=16
INFO  [Thread-5] 2016-03-01 11:12:32,737 repast.simphony.batch.ssh.LocalSession - AO=0.0 TO=0.1 Option=17
INFO  [Thread-5] 2016-03-01 11:12:33,136 repast.simphony.batch.ssh.LocalSession - AO=0.01 TO=0.1 Option=15
INFO  [Thread-5] 2016-03-01 11:12:33,285 repast.simphony.batch.ssh.LocalSession - AO=0.0 TO=0.05 Option=14
INFO  [Thread-5] 2016-03-01 11:12:33,953 repast.simphony.batch.ssh.LocalSession - AO=0.0 TO=0.05 Option=16
INFO  [Thread-5] 2016-03-01 11:12:35,562 repast.simphony.batch.ssh.LocalSession - AO=0.01 TO=0.1 Option=17
INFO  [Thread-5] 2016-03-01 11:12:35,973 repast.simphony.batch.ssh.LocalSession - AO=0.02 TO=0.1 Option=15
INFO  [Thread-5] 2016-03-01 11:12:36,228 repast.simphony.batch.ssh.LocalSession - AO=0.01 TO=0.05 Option=14
INFO  [Thread-5] 2016-03-01 11:12:36,700 repast.simphony.batch.ssh.LocalSession - AO=0.01 TO=0.05 Option=16
INFO  [Thread-5] 2016-03-01 11:12:37,727 repast.simphony.batch.ssh.LocalSession - AO=0.02 TO=0.1 Option=17
INFO  [Thread-5] 2016-03-01 11:12:38,313 repast.simphony.batch.ssh.LocalSession - AO=0.05 TO=0.1 Option=15
INFO  [Thread-5] 2016-03-01 11:12:38,942 repast.simphony.batch.ssh.LocalSession - AO=0.02 TO=0.05 Option=14
INFO  [Thread-5] 2016-03-01 11:12:39,534 repast.simphony.batch.ssh.LocalSession - AO=0.02 TO=0.05 Option=16
INFO  [Thread-5] 2016-03-01 11:12:39,907 repast.simphony.batch.ssh.LocalSession - AO=0.05 TO=0.1 Option=17
INFO  [Thread-5] 2016-03-01 11:12:40,354 repast.simphony.batch.ssh.LocalSession - AO=0.1 TO=0.1 Option=15
INFO  [Thread-5] 2016-03-01 11:12:41,390 repast.simphony.batch.ssh.LocalSession - AO=0.05 TO=0.05 Option=14
INFO  [Thread-5] 2016-03-01 11:12:41,539 repast.simphony.batch.ssh.LocalSession - AO=0.1 TO=0.1 Option=17
INFO  [Thread-5] 2016-03-01 11:12:42,002 repast.simphony.batch.ssh.LocalSession - AO=0.05 TO=0.05 Option=16
INFO  [Thread-5] 2016-03-01 11:12:42,064 repast.simphony.batch.ssh.LocalSession - AO=0.0 TO=0.1 Option=15
INFO  [Thread-5] 2016-03-01 11:12:43,691 repast.simphony.batch.ssh.LocalSession - AO=0.1 TO=0.05 Option=14
INFO  [Thread-5] 2016-03-01 11:12:44,224 repast.simphony.batch.ssh.LocalSession - AO=0.1 TO=0.05 Option=16
INFO  [Thread-5] 2016-03-01 11:12:44,775 repast.simphony.batch.ssh.LocalSession - AO=0.0 TO=0.1 Option=17
INFO  [Thread-5] 2016-03-01 11:12:45,234 repast.simphony.batch.ssh.LocalSession - AO=0.01 TO=0.1 Option=15
INFO  [Thread-5] 2016-03-01 11:12:46,994 repast.simphony.batch.ssh.LocalSession - AO=0.0 TO=0.05 Option=14
INFO  [Thread-5] 2016-03-01 11:12:47,336 repast.simphony.batch.ssh.LocalSession - AO=0.01 TO=0.1 Option=17
INFO  [Thread-5] 2016-03-01 11:12:47,498 repast.simphony.batch.ssh.LocalSession - AO=0.0 TO=0.05 Option=16
INFO  [Thread-5] 2016-03-01 11:12:47,789 repast.simphony.batch.ssh.LocalSession - AO=0.02 TO=0.1 Option=15
INFO  [Thread-5] 2016-03-01 11:12:49,827 repast.simphony.batch.ssh.LocalSession - AO=0.02 TO=0.1 Option=17
INFO  [Thread-5] 2016-03-01 11:12:49,970 repast.simphony.batch.ssh.LocalSession - AO=0.01 TO=0.05 Option=14
INFO  [Thread-5] 2016-03-01 11:12:50,328 repast.simphony.batch.ssh.LocalSession - AO=0.05 TO=0.1 Option=15
INFO  [Thread-5] 2016-03-01 11:12:50,554 repast.simphony.batch.ssh.LocalSession - AO=0.01 TO=0.05 Option=16
INFO  [Thread-5] 2016-03-01 11:12:51,852 repast.simphony.batch.ssh.LocalSession - AO=0.05 TO=0.1 Option=17
INFO  [Thread-5] 2016-03-01 11:12:52,404 repast.simphony.batch.ssh.LocalSession - AO=0.1 TO=0.1 Option=15
INFO  [Thread-5] 2016-03-01 11:12:52,811 repast.simphony.batch.ssh.LocalSession - AO=0.02 TO=0.05 Option=14
INFO  [Thread-5] 2016-03-01 11:12:53,426 repast.simphony.batch.ssh.LocalSession - AO=0.02 TO=0.05 Option=16
INFO  [Thread-5] 2016-03-01 11:12:53,709 repast.simphony.batch.ssh.LocalSession - AO=0.1 TO=0.1 Option=17
INFO  [Thread-5] 2016-03-01 11:12:54,181 repast.simphony.batch.ssh.LocalSession - AO=0.0 TO=0.1 Option=15
INFO  [Thread-5] 2016-03-01 11:12:55,274 repast.simphony.batch.ssh.LocalSession - AO=0.05 TO=0.05 Option=14
INFO  [Thread-5] 2016-03-01 11:12:56,004 repast.simphony.batch.ssh.LocalSession - AO=0.05 TO=0.05 Option=16
INFO  [Thread-5] 2016-03-01 11:12:56,963 repast.simphony.batch.ssh.LocalSession - AO=0.0 TO=0.1 Option=17
INFO  [pool-2-thread-1] 2016-03-01 11:12:57,218 repast.simphony.batch.ssh.LocalDonePoller - Polled /var/folders/h8/7b73sc6902716_n5j75pgh140000gn/T/simphony_model_1456852192683 for DONE:  no
INFO  [Thread-5] 2016-03-01 11:12:57,377 repast.simphony.batch.ssh.LocalSession - AO=0.01 TO=0.1 Option=15
INFO  [Thread-5] 2016-03-01 11:12:57,549 repast.simphony.batch.ssh.LocalSession - AO=0.1 TO=0.05 Option=14
INFO  [Thread-5] 2016-03-01 11:12:58,093 repast.simphony.batch.ssh.LocalSession - AO=0.1 TO=0.05 Option=16
INFO  [Thread-5] 2016-03-01 11:12:59,574 repast.simphony.batch.ssh.LocalSession - AO=0.01 TO=0.1 Option=17
INFO  [Thread-5] 2016-03-01 11:13:00,227 repast.simphony.batch.ssh.LocalSession - AO=0.02 TO=0.1 Option=15
INFO  [Thread-5] 2016-03-01 11:13:01,217 repast.simphony.batch.ssh.LocalSession - AO=0.0 TO=0.1 Option=14
INFO  [Thread-5] 2016-03-01 11:13:01,721 repast.simphony.batch.ssh.LocalSession - AO=0.0 TO=0.1 Option=16
INFO  [Thread-5] 2016-03-01 11:13:01,943 repast.simphony.batch.ssh.LocalSession - AO=0.02 TO=0.1 Option=17
INFO  [Thread-5] 2016-03-01 11:13:02,425 repast.simphony.batch.ssh.LocalSession - AO=0.05 TO=0.1 Option=15
INFO  [Thread-5] 2016-03-01 11:13:04,068 repast.simphony.batch.ssh.LocalSession - AO=0.05 TO=0.1 Option=17
INFO  [Thread-5] 2016-03-01 11:13:04,516 repast.simphony.batch.ssh.LocalSession - AO=0.1 TO=0.1 Option=15
INFO  [Thread-5] 2016-03-01 11:13:04,529 repast.simphony.batch.ssh.LocalSession - AO=0.01 TO=0.1 Option=14
INFO  [Thread-5] 2016-03-01 11:13:05,031 repast.simphony.batch.ssh.LocalSession - AO=0.01 TO=0.1 Option=16
INFO  [Thread-5] 2016-03-01 11:13:05,733 repast.simphony.batch.ssh.LocalSession - AO=0.1 TO=0.1 Option=17
INFO  [Thread-5] 2016-03-01 11:13:07,151 repast.simphony.batch.ssh.LocalSession - AO=0.02 TO=0.1 Option=14
INFO  [Thread-5] 2016-03-01 11:13:07,691 repast.simphony.batch.ssh.LocalSession - AO=0.02 TO=0.1 Option=16
INFO  [Thread-5] 2016-03-01 11:13:09,290 repast.simphony.batch.ssh.LocalSession - AO=0.05 TO=0.1 Option=14
INFO  [Thread-5] 2016-03-01 11:13:09,749 repast.simphony.batch.ssh.LocalSession - AO=0.05 TO=0.1 Option=16
INFO  [Thread-5] 2016-03-01 11:13:11,091 repast.simphony.batch.ssh.LocalSession - AO=0.1 TO=0.1 Option=14
INFO  [Thread-5] 2016-03-01 11:13:11,569 repast.simphony.batch.ssh.LocalSession - AO=0.1 TO=0.1 Option=16
INFO  [Thread-5] 2016-03-01 11:13:13,958 repast.simphony.batch.ssh.LocalSession - AO=0.0 TO=0.1 Option=14
INFO  [Thread-5] 2016-03-01 11:13:14,424 repast.simphony.batch.ssh.LocalSession - AO=0.0 TO=0.1 Option=16
INFO  [Thread-5] 2016-03-01 11:13:16,550 repast.simphony.batch.ssh.LocalSession - AO=0.01 TO=0.1 Option=14
INFO  [Thread-5] 2016-03-01 11:13:16,989 repast.simphony.batch.ssh.LocalSession - AO=0.01 TO=0.1 Option=16
INFO  [Thread-5] 2016-03-01 11:13:18,850 repast.simphony.batch.ssh.LocalSession - AO=0.02 TO=0.1 Option=14
INFO  [Thread-5] 2016-03-01 11:13:19,293 repast.simphony.batch.ssh.LocalSession - AO=0.02 TO=0.1 Option=16
INFO  [Thread-5] 2016-03-01 11:13:21,009 repast.simphony.batch.ssh.LocalSession - AO=0.05 TO=0.1 Option=14
INFO  [Thread-5] 2016-03-01 11:13:21,454 repast.simphony.batch.ssh.LocalSession - AO=0.05 TO=0.1 Option=16
INFO  [Thread-5] 2016-03-01 11:13:22,786 repast.simphony.batch.ssh.LocalSession - AO=0.1 TO=0.1 Option=14
INFO  [Thread-5] 2016-03-01 11:13:23,269 repast.simphony.batch.ssh.LocalSession - AO=0.1 TO=0.1 Option=16
INFO  [Thread-5] 2016-03-01 11:13:25,863 repast.simphony.batch.ssh.LocalSession - AO=0.0 TO=0.1 Option=14
INFO  [Thread-5] 2016-03-01 11:13:26,295 repast.simphony.batch.ssh.LocalSession - AO=0.0 TO=0.1 Option=16
INFO  [Thread-5] 2016-03-01 11:13:28,347 repast.simphony.batch.ssh.LocalSession - AO=0.01 TO=0.1 Option=14
INFO  [Thread-5] 2016-03-01 11:13:28,788 repast.simphony.batch.ssh.LocalSession - AO=0.01 TO=0.1 Option=16
INFO  [Thread-5] 2016-03-01 11:13:30,629 repast.simphony.batch.ssh.LocalSession - AO=0.02 TO=0.1 Option=14
INFO  [Thread-5] 2016-03-01 11:13:31,096 repast.simphony.batch.ssh.LocalSession - AO=0.02 TO=0.1 Option=16
INFO  [Thread-5] 2016-03-01 11:13:32,741 repast.simphony.batch.ssh.LocalSession - AO=0.05 TO=0.1 Option=14
INFO  [Thread-5] 2016-03-01 11:13:33,233 repast.simphony.batch.ssh.LocalSession - AO=0.05 TO=0.1 Option=16
INFO  [Thread-5] 2016-03-01 11:13:34,602 repast.simphony.batch.ssh.LocalSession - AO=0.1 TO=0.1 Option=14
INFO  [Thread-5] 2016-03-01 11:13:35,087 repast.simphony.batch.ssh.LocalSession - AO=0.1 TO=0.1 Option=16
INFO  [pool-2-thread-1] 2016-03-01 11:13:57,219 repast.simphony.batch.ssh.LocalDonePoller - Polled /var/folders/h8/7b73sc6902716_n5j75pgh140000gn/T/simphony_model_1456852192683 for DONE:  yes
INFO  [SwingWorker-pool-1-thread-1] 2016-03-01 11:13:57,220 repast.simphony.batch.ssh.SessionsDriver - Run Time: 4.0140
INFO  [SwingWorker-pool-1-thread-1] 2016-03-01 11:13:57,247 repast.simphony.batch.ssh.LocalSession - Finding output on localhost in /var/folders/h8/7b73sc6902716_n5j75pgh140000gn/T/simphony_model_1456852192683
INFO  [SwingWorker-pool-1-thread-1] 2016-03-01 11:13:57,261 repast.simphony.batch.ssh.SessionsDriver - Aggregating output into /Users/BinChen/git/AdhocNew/AdhocCollaboration/output
INFO  [SwingWorker-pool-1-thread-1] 2016-03-01 11:13:57,261 repast.simphony.batch.ssh.SessionsDriver - Get Output Time: 0.0007
INFO  [SwingWorker-pool-1-thread-1] 2016-03-01 11:13:57,261 repast.simphony.batch.ssh.SessionsDriver - Finished. Elapsed Time: 4.0774
