#
# A fatal error has been detected by the Java Runtime Environment:
#
#  SIGSEGV (0xb) at pc=0x0000000107e94271, pid=3200, tid=7683
#
# JRE version: 7.0_17-b02
# Java VM: Java HotSpot(TM) 64-Bit Server VM (23.7-b01 mixed mode bsd-amd64 compressed oops)
# Problematic frame:
# V  [libjvm.dylib+0x18a271]
#
# Failed to write core dump. Core dumps have been disabled. To enable core dumping, try "ulimit -c unlimited" before starting Java again
#
# If you would like to submit a bug report, please visit:
#   http://bugreport.sun.com/bugreport/crash.jsp
#

---------------  T H R E A D  ---------------

Current thread (0x00007fc49d84f000):  VMThread [stack: 0x0000000132201000,0x0000000132301000] [id=7683]

siginfo:si_signo=SIGSEGV: si_errno=0, si_code=1 (SEGV_MAPERR), si_addr=0x00000000019001b0

Registers:
RAX=0x0000000000000004, RBX=0x00000001209660f0, RCX=0x0000000108437903, RDX=0x00000001083bc560
RSP=0x0000000132300710, RBP=0x0000000132300730, RSI=0x002c002000360034, RDI=0x0000000001900100
R8 =0x0000000000000000, R9 =0x0000000000000070, R10=0x000000001920775a, R11=0x000000001920f89b
R12=0x0000000120965f14, R13=0x0000000120965f1c, R14=0x000000012ca81408, R15=0x000000012ca81410
RIP=0x0000000107e94271, EFLAGS=0x0000000000010206, ERR=0x0000000000000004
  TRAPNO=0x000000000000000e

Top of Stack: (sp=0x0000000132300710)
0x0000000132300710:   0000000132300770 0000000000000003
0x0000000132300720:   000000012ca81408 000000012ca81408
0x0000000132300730:   0000000132300770 0000000107f5ab4d
0x0000000132300740:   0000000120965f08 0000000132300788
0x0000000132300750:   00000001083bc560 0000000120965f08
0x0000000132300760:   00000001084389c0 0000000108437990
0x0000000132300770:   00000001323007c0 0000000108065a90
0x0000000132300780:   0000000108438b60 0000000000000002
0x0000000132300790:   00000001323007c0 0000000116d90c58
0x00000001323007a0:   0000000000000001 00007fc49bf055d0
0x00000001323007b0:   0000000108438b60 0000000000000002
0x00000001323007c0:   00000001323007e0 0000000108066996
0x00000001323007d0:   0000000000000003 0000000000000000
0x00000001323007e0:   0000000132300810 0000000108191383
0x00000001323007f0:   0000000132300868 0000000000000001
0x0000000132300800:   0000000108438b60 0000000000000002
0x0000000132300810:   0000000132300850 000000010810e851
0x0000000132300820:   0000000132300801 0000000000000000
0x0000000132300830:   00007fc49bf055d0 0000000002aac000
0x0000000132300840:   0000000108438b60 0000000000000001
0x0000000132300850:   00000001323008b0 0000000107f325ef
0x0000000132300860:   0000000108438b60 0000000108426d00
0x0000000132300870:   0000000132300800 0000000108438b60
0x0000000132300880:   00000001091f4f01 0000000000000000
0x0000000132300890:   00007fc49bf055d0 0000000002aac000
0x00000001323008a0:   0000000000000001 0000000000000001
0x00000001323008b0:   0000000132300920 0000000107f344ba
0x00000001323008c0:   0000000108438b60 0000000000000001
0x00000001323008d0:   0000000108438b60 0000000000000000
0x00000001323008e0:   00007fc49b010100 0000000000000000
0x00000001323008f0:   000000001eeeaa08 0000000000000000
0x0000000132300900:   0000000132300920 00007fc49bc1c980 

Instructions: (pc=0x0000000107e94271)
0x0000000107e94251:   5a 00 80 39 00 74 15 48 8d 15 01 83 52 00 8a 4a
0x0000000107e94261:   08 8b 7b 08 48 d3 e7 48 03 3a eb 04 48 8b 7b 08
0x0000000107e94271:   48 8b 8f b0 00 00 00 48 83 e1 07 48 83 f9 05 74
0x0000000107e94281:   1a 48 83 f8 01 75 14 48 b8 00 ff ff ff 7f 00 00 

Register to memory mapping:

RAX=0x0000000000000004 is an unknown value
RBX=
[error occurred during error reporting (printing register info), id 0xb]

Stack: [0x0000000132201000,0x0000000132301000],  sp=0x0000000132300710,  free space=1021k
Native frames: (J=compiled Java code, j=interpreted, Vv=VM code, C=native code)
V  [libjvm.dylib+0x18a271]
V  [libjvm.dylib+0x250b4d]
V  [libjvm.dylib+0x35ba90]
V  [libjvm.dylib+0x35c996]
V  [libjvm.dylib+0x487383]
V  [libjvm.dylib+0x404851]
V  [libjvm.dylib+0x2285ef]
V  [libjvm.dylib+0x22a4ba]
V  [libjvm.dylib+0x229fe9]
V  [libjvm.dylib+0x230a27]
V  [libjvm.dylib+0x228d53]
V  [libjvm.dylib+0x171a5d]
V  [libjvm.dylib+0x4a38ee]
V  [libjvm.dylib+0x4a9f05]
V  [libjvm.dylib+0x4a8c8a]
V  [libjvm.dylib+0x4a9078]
V  [libjvm.dylib+0x4a8a27]
V  [libjvm.dylib+0x3b5191]
C  [libsystem_pthread.dylib+0x3268]  _pthread_body+0x83
C  [libsystem_pthread.dylib+0x31e5]  _pthread_body+0x0
C  [libsystem_pthread.dylib+0x141d]  thread_start+0xd

VM_Operation (0x000000013fa01870): GenCollectForAllocation, mode: safepoint, requested by thread 0x00007fc49c26c000


---------------  P R O C E S S  ---------------

Java Threads: ( => current thread )
  0x00007fc49c827800 JavaThread "pool-2-thread-1" [_thread_blocked, id=18939, stack(0x000000014d07f000,0x000000014da7f000)]
  0x00007fc4a2944800 JavaThread "process reaper" daemon [_thread_in_native, id=31167, stack(0x0000000133842000,0x000000013386a000)]
  0x00007fc4a29a0000 JavaThread "Thread-5" daemon [_thread_blocked, id=55839, stack(0x000000014c67c000,0x000000014d07c000)]
  0x00007fc4a218c800 JavaThread "SwingWorker-pool-1-thread-1" daemon [_thread_blocked, id=55419, stack(0x000000014bc79000,0x000000014c679000)]
  0x00007fc4a1211000 JavaThread "DestroyJavaVM" [_thread_blocked, id=2819, stack(0x00000001087b2000,0x00000001091b2000)]
  0x00007fc49d0af000 JavaThread "Timer-0" daemon [_thread_blocked, id=51975, stack(0x000000014043a000,0x0000000140e3a000)]
  0x00007fc49dc2d800 JavaThread "TimerQueue" daemon [_thread_blocked, id=51475, stack(0x000000013fa08000,0x0000000140408000)]
  0x00007fc49c26c000 JavaThread "AWT-EventQueue-0" [_thread_blocked, id=50207, stack(0x000000013f005000,0x000000013fa05000)]
  0x00007fc49dbd4000 JavaThread "Java2D Disposer" daemon [_thread_blocked, id=50963, stack(0x000000013e17d000,0x000000013eb7d000)]
  0x00007fc49ccb3000 JavaThread "Java2D Queue Flusher" daemon [_thread_blocked, id=49415, stack(0x000000013ced0000,0x000000013d8d0000)]
  0x00007fc49c914800 JavaThread "AWT-Shutdown" [_thread_blocked, id=15623, stack(0x000000013745a000,0x0000000137e5a000)]
  0x00007fc49cb9b000 JavaThread "AppKit Thread" daemon [_thread_blocked, id=1811, stack(0x00007fff57f71000,0x00007fff57ff1000)]
  0x00007fc49d864800 JavaThread "Service Thread" daemon [_thread_blocked, id=13827, stack(0x0000000135beb000,0x00000001365eb000)]
  0x00007fc49c800800 JavaThread "C2 CompilerThread1" daemon [_thread_blocked, id=13571, stack(0x0000000135ae8000,0x0000000135be8000)]
  0x00007fc49c018800 JavaThread "C2 CompilerThread0" daemon [_thread_blocked, id=13075, stack(0x00000001359e5000,0x0000000135ae5000)]
  0x00007fc49c018000 JavaThread "Signal Dispatcher" daemon [_thread_blocked, id=10775, stack(0x0000000134fe2000,0x00000001359e2000)]
  0x00007fc49c804000 JavaThread "Finalizer" daemon [_thread_blocked, id=8195, stack(0x0000000132d07000,0x0000000133707000)]
  0x00007fc49d84f800 JavaThread "Reference Handler" daemon [_thread_blocked, id=7939, stack(0x0000000132304000,0x0000000132d04000)]

Other Threads:
=>0x00007fc49d84f000 VMThread [stack: 0x0000000132201000,0x0000000132301000] [id=7683]
  0x00007fc49c81d000 WatcherThread [stack: 0x00000001365ee000,0x00000001366ee000] [id=14083]

VM state:at safepoint (normal execution)

VM Mutex/Monitor currently owned by a thread:  ([mutex/lock_event])
[0x00007fc49bc1f3f0] Threads_lock - owner thread: 0x00007fc49d84f000
[0x00007fc49bc1f8f0] Heap_lock - owner thread: 0x00007fc49c26c000

Heap
 def new generation   total 157248K, used 157226K [0x000000010c2e0000, 0x0000000116d80000, 0x0000000116d80000)
  eden space 139776K, 100% used [0x000000010c2e0000, 0x0000000114b60000, 0x0000000114b60000)
  from space 17472K,  99% used [0x0000000114b60000, 0x0000000115c6aa20, 0x0000000115c70000)
  to   space 17472K,   0% used [0x0000000115c70000, 0x0000000115c70000, 0x0000000116d80000)
 tenured generation   total 349568K, used 349567K [0x0000000116d80000, 0x000000012c2e0000, 0x000000012c2e0000)
   the space 349568K,  99% used [0x0000000116d80000, 0x000000012c2dffe8, 0x000000012c2e0000, 0x000000012c2e0000)
 compacting perm gen  total 36288K, used 36127K [0x000000012c2e0000, 0x000000012e650000, 0x00000001314e0000)
   the space 36288K,  99% used [0x000000012c2e0000, 0x000000012e627f50, 0x000000012e628000, 0x000000012e650000)
No shared spaces configured.

Card table byte_map: [0x00000001314e0000,0x000000013160a000] byte_map_base: 0x0000000130c7e900

Polling page: 0x00000001091f1000

Code Cache  [0x0000000109204000, 0x0000000109564000, 0x000000010c204000)
 total_blobs=1802 nmethods=1215 adapters=537 free_code_cache=45800Kb largest_free_block=46829888

Compilation events (10 events):
Event: 93.957 Thread 0x00007fc49c018800 1295             javax.swing.text.CompositeView::getChildAllocation (14 bytes)
Event: 93.960 Thread 0x00007fc49c018800 nmethod 1295 0x0000000109543c10 code [0x0000000109543d80, 0x0000000109543f98]
Event: 94.901 Thread 0x00007fc49c800800 1296   !         java.nio.charset.CharsetDecoder::decode (287 bytes)
Event: 94.912 Thread 0x00007fc49c800800 nmethod 1296 0x000000010954f710 code [0x000000010954f960, 0x000000010954ff08]
Event: 99.958 Thread 0x00007fc49c018800 1297             sun.nio.cs.StreamDecoder::implRead (243 bytes)
Event: 99.972 Thread 0x00007fc49c018800 nmethod 1297 0x0000000109559b10 code [0x0000000109559d20, 0x000000010955a4a0]
Event: 103.396 Thread 0x00007fc49c800800 1298             java.lang.AbstractStringBuilder::append (40 bytes)
Event: 103.399 Thread 0x00007fc49c800800 nmethod 1298 0x0000000109543710 code [0x0000000109543860, 0x0000000109543a48]
Event: 110.557 Thread 0x00007fc49c018800 1299  s          sun.awt.SunToolkit::getSunAwtDisableMixing (32 bytes)
Event: 110.558 Thread 0x00007fc49c018800 nmethod 1299 0x000000010954dd90 code [0x000000010954dee0, 0x000000010954e138]

GC Heap History (10 events):
Event: 162.834 GC heap after
Heap after GC invocations=344 (full 64):
 def new generation   total 157248K, used 108456K [0x000000010c2e0000, 0x0000000116d80000, 0x0000000116d80000)
  eden space 139776K,  77% used [0x000000010c2e0000, 0x0000000112cca3a0, 0x0000000114b60000)
  from space 17472K,   0% used [0x0000000114b60000, 0x0000000114b60000, 0x0000000115c70000)
  to   space 17472K,   0% used [0x0000000115c70000, 0x0000000115c70000, 0x0000000116d80000)
 tenured generation   total 349568K, used 349567K [0x0000000116d80000, 0x000000012c2e0000, 0x000000012c2e0000)
   the space 349568K,  99% used [0x0000000116d80000, 0x000000012c2dfff0, 0x000000012c2e0000, 0x000000012c2e0000)
 compacting perm gen  total 36288K, used 36127K [0x000000012c2e0000, 0x000000012e650000, 0x00000001314e0000)
   the space 36288K,  99% used [0x000000012c2e0000, 0x000000012e627f50, 0x000000012e628000, 0x000000012e650000)
No shared spaces configured.
}
Event: 162.909 GC heap before
{Heap before GC invocations=344 (full 64):
 def new generation   total 157248K, used 157193K [0x000000010c2e0000, 0x0000000116d80000, 0x0000000116d80000)
  eden space 139776K, 100% used [0x000000010c2e0000, 0x0000000114b60000, 0x0000000114b60000)
  from space 17472K,  99% used [0x0000000114b60000, 0x0000000115c62558, 0x0000000115c70000)
  to   space 17472K,   0% used [0x0000000115c70000, 0x0000000115c70000, 0x0000000116d80000)
 tenured generation   total 349568K, used 349567K [0x0000000116d80000, 0x000000012c2e0000, 0x000000012c2e0000)
   the space 349568K,  99% used [0x0000000116d80000, 0x000000012c2dfff0, 0x000000012c2e0000, 0x000000012c2e0000)
 compacting perm gen  total 36288K, used 36127K [0x000000012c2e0000, 0x000000012e650000, 0x00000001314e0000)
   the space 36288K,  99% used [0x000000012c2e0000, 0x000000012e627f50, 0x000000012e628000, 0x000000012e650000)
No shared spaces configured.
Event: 163.819 GC heap after
Heap after GC invocations=345 (full 65):
 def new generation   total 157248K, used 109326K [0x000000010c2e0000, 0x0000000116d80000, 0x0000000116d80000)
  eden space 139776K,  78% used [0x000000010c2e0000, 0x0000000112da38f0, 0x0000000114b60000)
  from space 17472K,   0% used [0x0000000114b60000, 0x0000000114b60000, 0x0000000115c70000)
  to   space 17472K,   0% used [0x0000000115c70000, 0x0000000115c70000, 0x0000000116d80000)
 tenured generation   total 349568K, used 349567K [0x0000000116d80000, 0x000000012c2e0000, 0x000000012c2e0000)
   the space 349568K,  99% used [0x0000000116d80000, 0x000000012c2dfff0, 0x000000012c2e0000, 0x000000012c2e0000)
 compacting perm gen  total 36288K, used 36127K [0x000000012c2e0000, 0x000000012e650000, 0x00000001314e0000)
   the space 36288K,  99% used [0x000000012c2e0000, 0x000000012e627f50, 0x000000012e628000, 0x000000012e650000)
No shared spaces configured.
}
Event: 163.925 GC heap before
{Heap before GC invocations=345 (full 65):
 def new generation   total 157248K, used 157109K [0x000000010c2e0000, 0x0000000116d80000, 0x0000000116d80000)
  eden space 139776K, 100% used [0x000000010c2e0000, 0x0000000114b60000, 0x0000000114b60000)
  from space 17472K,  99% used [0x0000000114b60000, 0x0000000115c4d518, 0x0000000115c70000)
  to   space 17472K,   0% used [0x0000000115c70000, 0x0000000115c70000, 0x0000000116d80000)
 tenured generation   total 349568K, used 349567K [0x0000000116d80000, 0x000000012c2e0000, 0x000000012c2e0000)
   the space 349568K,  99% used [0x0000000116d80000, 0x000000012c2dfff0, 0x000000012c2e0000, 0x000000012c2e0000)
 compacting perm gen  total 36288K, used 36127K [0x000000012c2e0000, 0x000000012e650000, 0x00000001314e0000)
   the space 36288K,  99% used [0x000000012c2e0000, 0x000000012e627f50, 0x000000012e628000, 0x000000012e650000)
No shared spaces configured.
Event: 164.993 GC heap after
Heap after GC invocations=346 (full 66):
 def new generation   total 157248K, used 111089K [0x000000010c2e0000, 0x0000000116d80000, 0x0000000116d80000)
  eden space 139776K,  79% used [0x000000010c2e0000, 0x0000000112f5c5b8, 0x0000000114b60000)
  from space 17472K,   0% used [0x0000000114b60000, 0x0000000114b60000, 0x0000000115c70000)
  to   space 17472K,   0% used [0x0000000115c70000, 0x0000000115c70000, 0x0000000116d80000)
 tenured generation   total 349568K, used 349567K [0x0000000116d80000, 0x000000012c2e0000, 0x000000012c2e0000)
   the space 349568K,  99% used [0x0000000116d80000, 0x000000012c2dfff0, 0x000000012c2e0000, 0x000000012c2e0000)
 compacting perm gen  total 36288K, used 36127K [0x000000012c2e0000, 0x000000012e650000, 0x00000001314e0000)
   the space 36288K,  99% used [0x000000012c2e0000, 0x000000012e627f50, 0x000000012e628000, 0x000000012e650000)
No shared spaces configured.
}
Event: 165.116 GC heap before
{Heap before GC invocations=346 (full 66):
 def new generation   total 157248K, used 157195K [0x000000010c2e0000, 0x0000000116d80000, 0x0000000116d80000)
  eden space 139776K, 100% used [0x000000010c2e0000, 0x0000000114b60000, 0x0000000114b60000)
  from space 17472K,  99% used [0x0000000114b60000, 0x0000000115c62da0, 0x0000000115c70000)
  to   space 17472K,   0% used [0x0000000115c70000, 0x0000000115c70000, 0x0000000116d80000)
 tenured generation   total 349568K, used 349567K [0x0000000116d80000, 0x000000012c2e0000, 0x000000012c2e0000)
   the space 349568K,  99% used [0x0000000116d80000, 0x000000012c2dfff0, 0x000000012c2e0000, 0x000000012c2e0000)
 compacting perm gen  total 36288K, used 36127K [0x000000012c2e0000, 0x000000012e650000, 0x00000001314e0000)
   the space 36288K,  99% used [0x000000012c2e0000, 0x000000012e627f50, 0x000000012e628000, 0x000000012e650000)
No shared spaces configured.
Event: 166.315 GC heap after
Heap after GC invocations=347 (full 67):
 def new generation   total 157248K, used 113023K [0x000000010c2e0000, 0x0000000116d80000, 0x0000000116d80000)
  eden space 139776K,  80% used [0x000000010c2e0000, 0x000000011313fdd0, 0x0000000114b60000)
  from space 17472K,   0% used [0x0000000114b60000, 0x0000000114b60000, 0x0000000115c70000)
  to   space 17472K,   0% used [0x0000000115c70000, 0x0000000115c70000, 0x0000000116d80000)
 tenured generation   total 349568K, used 349567K [0x0000000116d80000, 0x000000012c2e0000, 0x000000012c2e0000)
   the space 349568K,  99% used [0x0000000116d80000, 0x000000012c2dfff0, 0x000000012c2e0000, 0x000000012c2e0000)
 compacting perm gen  total 36288K, used 36127K [0x000000012c2e0000, 0x000000012e650000, 0x00000001314e0000)
   the space 36288K,  99% used [0x000000012c2e0000, 0x000000012e627f50, 0x000000012e628000, 0x000000012e650000)
No shared spaces configured.
}
Event: 166.452 GC heap before
{Heap before GC invocations=347 (full 67):
 def new generation   total 157248K, used 157106K [0x000000010c2e0000, 0x0000000116d80000, 0x0000000116d80000)
  eden space 139776K, 100% used [0x000000010c2e0000, 0x0000000114b60000, 0x0000000114b60000)
  from space 17472K,  99% used [0x0000000114b60000, 0x0000000115c4cbf8, 0x0000000115c70000)
  to   space 17472K,   0% used [0x0000000115c70000, 0x0000000115c70000, 0x0000000116d80000)
 tenured generation   total 349568K, used 349567K [0x0000000116d80000, 0x000000012c2e0000, 0x000000012c2e0000)
   the space 349568K,  99% used [0x0000000116d80000, 0x000000012c2dfff0, 0x000000012c2e0000, 0x000000012c2e0000)
 compacting perm gen  total 36288K, used 36127K [0x000000012c2e0000, 0x000000012e650000, 0x00000001314e0000)
   the space 36288K,  99% used [0x000000012c2e0000, 0x000000012e627f50, 0x000000012e628000, 0x000000012e650000)
No shared spaces configured.
Event: 167.840 GC heap after
Heap after GC invocations=348 (full 68):
 def new generation   total 157248K, used 114777K [0x000000010c2e0000, 0x0000000116d80000, 0x0000000116d80000)
  eden space 139776K,  82% used [0x000000010c2e0000, 0x00000001132f6738, 0x0000000114b60000)
  from space 17472K,   0% used [0x0000000114b60000, 0x0000000114b60000, 0x0000000115c70000)
  to   space 17472K,   0% used [0x0000000115c70000, 0x0000000115c70000, 0x0000000116d80000)
 tenured generation   total 349568K, used 349567K [0x0000000116d80000, 0x000000012c2e0000, 0x000000012c2e0000)
   the space 349568K,  99% used [0x0000000116d80000, 0x000000012c2dffe8, 0x000000012c2e0000, 0x000000012c2e0000)
 compacting perm gen  total 36288K, used 36127K [0x000000012c2e0000, 0x000000012e650000, 0x00000001314e0000)
   the space 36288K,  99% used [0x000000012c2e0000, 0x000000012e627f50, 0x000000012e628000, 0x000000012e650000)
No shared spaces configured.
}
Event: 167.941 GC heap before
{Heap before GC invocations=348 (full 68):
 def new generation   total 157248K, used 157226K [0x000000010c2e0000, 0x0000000116d80000, 0x0000000116d80000)
  eden space 139776K, 100% used [0x000000010c2e0000, 0x0000000114b60000, 0x0000000114b60000)
  from space 17472K,  99% used [0x0000000114b60000, 0x0000000115c6aa20, 0x0000000115c70000)
  to   space 17472K,   0% used [0x0000000115c70000, 0x0000000115c70000, 0x0000000116d80000)
 tenured generation   total 349568K, used 349567K [0x0000000116d80000, 0x000000012c2e0000, 0x000000012c2e0000)
   the space 349568K,  99% used [0x0000000116d80000, 0x000000012c2dffe8, 0x000000012c2e0000, 0x000000012c2e0000)
 compacting perm gen  total 36288K, used 36127K [0x000000012c2e0000, 0x000000012e650000, 0x00000001314e0000)
   the space 36288K,  99% used [0x000000012c2e0000, 0x000000012e627f50, 0x000000012e628000, 0x000000012e650000)
No shared spaces configured.

Deoptimization events (10 events):
Event: 69.341 Thread 0x00007fc4a29a0000 Uncommon trap -83 fr.pc 0x0000000109401828
Event: 69.884 Thread 0x00007fc4a29a0000 Uncommon trap -28 fr.pc 0x00000001094057f8
Event: 72.942 Thread 0x00007fc49c26c000 Uncommon trap -12 fr.pc 0x00000001094ece30
Event: 73.007 Thread 0x00007fc49c26c000 Uncommon trap -12 fr.pc 0x00000001094f4010
Event: 73.226 Thread 0x00007fc49c26c000 Uncommon trap -12 fr.pc 0x0000000109504b54
Event: 167.841 Thread 0x00007fc4a29a0000 Uncommon trap -34 fr.pc 0x00000001094924bc
Event: 167.841 Thread 0x00007fc4a29a0000 Uncommon trap -83 fr.pc 0x0000000109492278
Event: 167.841 Thread 0x00007fc4a29a0000 Uncommon trap -83 fr.pc 0x000000010948faf8
Event: 167.842 Thread 0x00007fc49c26c000 Uncommon trap -34 fr.pc 0x00000001094f543c
Event: 167.842 Thread 0x00007fc49c26c000 Uncommon trap -34 fr.pc 0x000000010952792c

Internal exceptions (10 events):
Event: 42.829 Thread 0x00007fc4a218c800 Implicit null exception at 0x00000001092ed4f5 to 0x00000001092ed611
Event: 43.772 Thread 0x00007fc4a218c800 Threw 0x000000010cf717e0 at /HUDSON/workspace/jdk7u17-2-build-macosx-amd64-product/jdk7u17/hotspot/src/share/vm/prims/jvm.cpp:1166
Event: 43.772 Thread 0x00007fc4a218c800 Threw 0x000000010cf74088 at /HUDSON/workspace/jdk7u17-2-build-macosx-amd64-product/jdk7u17/hotspot/src/share/vm/prims/jvm.cpp:1166
Event: 43.791 Thread 0x00007fc4a29a0000 Threw 0x000000010c35e2c0 at /HUDSON/workspace/jdk7u17-2-build-macosx-amd64-product/jdk7u17/hotspot/src/share/vm/prims/jvm.cpp:1166
Event: 43.791 Thread 0x00007fc4a29a0000 Threw 0x000000010c360940 at /HUDSON/workspace/jdk7u17-2-build-macosx-amd64-product/jdk7u17/hotspot/src/share/vm/prims/jvm.cpp:1166
Event: 43.820 Thread 0x00007fc4a218c800 Threw 0x000000010c33d7b8 at /HUDSON/workspace/jdk7u17-2-build-macosx-amd64-product/jdk7u17/hotspot/src/share/vm/prims/jvm.cpp:1166
Event: 43.820 Thread 0x00007fc4a218c800 Threw 0x000000010c33fb70 at /HUDSON/workspace/jdk7u17-2-build-macosx-amd64-product/jdk7u17/hotspot/src/share/vm/prims/jvm.cpp:1166
Event: 72.942 Thread 0x00007fc49c26c000 Implicit null exception at 0x00000001094ebcf5 to 0x00000001094ecdf1
Event: 73.007 Thread 0x00007fc49c26c000 Implicit null exception at 0x00000001094f2e95 to 0x00000001094f3fd1
Event: 73.226 Thread 0x00007fc49c26c000 Implicit null exception at 0x0000000109503a19 to 0x0000000109504b15

Events (10 events):
Event: 167.841 Thread 0x00007fc4a29a0000 DEOPT UNPACKING pc=0x000000010923d145 sp=0x000000014d07b748 mode 2
Event: 167.841 Thread 0x00007fc4a29a0000 DEOPT PACKING pc=0x0000000109492278 sp=0x000000014d07b860
Event: 167.841 Thread 0x00007fc4a29a0000 DEOPT UNPACKING pc=0x000000010923d145 sp=0x000000014d07b7c0 mode 2
Event: 167.841 Thread 0x00007fc4a29a0000 DEOPT PACKING pc=0x000000010948faf8 sp=0x000000014d07b7d0
Event: 167.841 Thread 0x00007fc4a29a0000 DEOPT UNPACKING pc=0x000000010923d145 sp=0x000000014d07b7a0 mode 2
Event: 167.842 Thread 0x00007fc49c26c000 DEOPT PACKING pc=0x00000001094f543c sp=0x000000013fa02310
Event: 167.842 Thread 0x00007fc49c26c000 DEOPT UNPACKING pc=0x000000010923d145 sp=0x000000013fa022d0 mode 2
Event: 167.842 Thread 0x00007fc49c26c000 DEOPT PACKING pc=0x000000010952792c sp=0x000000013fa014f0
Event: 167.842 Thread 0x00007fc49c26c000 DEOPT UNPACKING pc=0x000000010923d145 sp=0x000000013fa01320 mode 2
Event: 167.941 Executing VM operation: GenCollectForAllocation


Dynamic libraries:
0x000000000c8d9000 	/System/Library/Frameworks/Cocoa.framework/Versions/A/Cocoa
0x000000000c8d9000 	/System/Library/Frameworks/Security.framework/Versions/A/Security
0x000000000c8d9000 	/System/Library/Frameworks/ApplicationServices.framework/Versions/A/ApplicationServices
0x000000000c8d9000 	/usr/lib/libz.1.dylib
0x000000000c8d9000 	/usr/lib/libSystem.B.dylib
0x000000000c8d9000 	/usr/lib/libobjc.A.dylib
0x000000000c8d9000 	/System/Library/Frameworks/CoreFoundation.framework/Versions/A/CoreFoundation
0x000000000c8d9000 	/System/Library/Frameworks/AppKit.framework/Versions/C/AppKit
0x000000000c8d9000 	/System/Library/Frameworks/CoreData.framework/Versions/A/CoreData
0x000000000c8d9000 	/System/Library/Frameworks/Foundation.framework/Versions/C/Foundation
0x000000000c8d9000 	/System/Library/PrivateFrameworks/RemoteViewServices.framework/Versions/A/RemoteViewServices
0x000000000c8d9000 	/System/Library/PrivateFrameworks/UIFoundation.framework/Versions/A/UIFoundation
0x000000000c8d9000 	/System/Library/Frameworks/IOSurface.framework/Versions/A/IOSurface
0x000000000c8d9000 	/System/Library/Frameworks/AudioToolbox.framework/Versions/A/AudioToolbox
0x000000000c8d9000 	/System/Library/Frameworks/AudioUnit.framework/Versions/A/AudioUnit
0x000000000c8d9000 	/System/Library/PrivateFrameworks/DataDetectorsCore.framework/Versions/A/DataDetectorsCore
0x000000000c8d9000 	/System/Library/PrivateFrameworks/DesktopServicesPriv.framework/Versions/A/DesktopServicesPriv
0x000000000c8d9000 	/System/Library/Frameworks/Carbon.framework/Versions/A/Frameworks/HIToolbox.framework/Versions/A/HIToolbox
0x000000000c8d9000 	/System/Library/Frameworks/QuartzCore.framework/Versions/A/QuartzCore
0x000000000c8d9000 	/System/Library/Frameworks/Carbon.framework/Versions/A/Frameworks/SpeechRecognition.framework/Versions/A/SpeechRecognition
0x000000000c8d9000 	/usr/lib/libauto.dylib
0x000000000c8d9000 	/usr/lib/libicucore.A.dylib
0x000000000c8d9000 	/usr/lib/libxml2.2.dylib
0x000000000c8d9000 	/System/Library/PrivateFrameworks/CoreUI.framework/Versions/A/CoreUI
0x000000000c8d9000 	/System/Library/Frameworks/CoreAudio.framework/Versions/A/CoreAudio
0x000000000c8d9000 	/System/Library/Frameworks/DiskArbitration.framework/Versions/A/DiskArbitration
0x000000000c8d9000 	/usr/lib/liblangid.dylib
0x000000000c8d9000 	/System/Library/PrivateFrameworks/MultitouchSupport.framework/Versions/A/MultitouchSupport
0x000000000c8d9000 	/System/Library/Frameworks/IOKit.framework/Versions/A/IOKit
0x000000000c8d9000 	/usr/lib/libDiagnosticMessagesClient.dylib
0x000000000c8d9000 	/System/Library/Frameworks/CoreServices.framework/Versions/A/CoreServices
0x000000000c8d9000 	/System/Library/PrivateFrameworks/PerformanceAnalysis.framework/Versions/A/PerformanceAnalysis
0x000000000c8d9000 	/System/Library/PrivateFrameworks/GenerationalStorage.framework/Versions/A/GenerationalStorage
0x000000000c8d9000 	/System/Library/Frameworks/OpenGL.framework/Versions/A/OpenGL
0x000000000c8d9000 	/System/Library/PrivateFrameworks/Sharing.framework/Versions/A/Sharing
0x000000000c8d9000 	/System/Library/Frameworks/CoreGraphics.framework/Versions/A/CoreGraphics
0x000000000c8d9000 	/System/Library/Frameworks/CoreText.framework/Versions/A/CoreText
0x000000000c8d9000 	/System/Library/Frameworks/ImageIO.framework/Versions/A/ImageIO
0x000000000c8d9000 	/usr/lib/libextension.dylib
0x000000000c8d9000 	/System/Library/PrivateFrameworks/Backup.framework/Versions/A/Backup
0x000000000c8d9000 	/usr/lib/libarchive.2.dylib
0x000000000c8d9000 	/System/Library/Frameworks/CFNetwork.framework/Versions/A/CFNetwork
0x000000000c8d9000 	/System/Library/Frameworks/SystemConfiguration.framework/Versions/A/SystemConfiguration
0x000000000c8d9000 	/usr/lib/libCRFSuite.dylib
0x000000000c8d9000 	/usr/lib/libc++.1.dylib
0x000000000c8d9000 	/usr/lib/libc++abi.dylib
0x000000000c8d9000 	/usr/lib/system/libcache.dylib
0x000000000c8d9000 	/usr/lib/system/libcommonCrypto.dylib
0x000000000c8d9000 	/usr/lib/system/libcompiler_rt.dylib
0x000000000c8d9000 	/usr/lib/system/libcopyfile.dylib
0x000000000c8d9000 	/usr/lib/system/libcorecrypto.dylib
0x000000000c8d9000 	/usr/lib/system/libdispatch.dylib
0x000000000c8d9000 	/usr/lib/system/libdyld.dylib
0x000000000c8d9000 	/usr/lib/system/libkeymgr.dylib
0x000000000c8d9000 	/usr/lib/system/liblaunch.dylib
0x000000000c8d9000 	/usr/lib/system/libmacho.dylib
0x000000000c8d9000 	/usr/lib/system/libquarantine.dylib
0x000000000c8d9000 	/usr/lib/system/libremovefile.dylib
0x000000000c8d9000 	/usr/lib/system/libsystem_asl.dylib
0x000000000c8d9000 	/usr/lib/system/libsystem_blocks.dylib
0x000000000c8d9000 	/usr/lib/system/libsystem_c.dylib
0x000000000c8d9000 	/usr/lib/system/libsystem_configuration.dylib
0x000000000c8d9000 	/usr/lib/system/libsystem_coreservices.dylib
0x000000000c8d9000 	/usr/lib/system/libsystem_coretls.dylib
0x000000000c8d9000 	/usr/lib/system/libsystem_dnssd.dylib
0x000000000c8d9000 	/usr/lib/system/libsystem_info.dylib
0x000000000c8d9000 	/usr/lib/system/libsystem_kernel.dylib
0x000000000c8d9000 	/usr/lib/system/libsystem_m.dylib
0x000000000c8d9000 	/usr/lib/system/libsystem_malloc.dylib
0x000000000c8d9000 	/usr/lib/system/libsystem_network.dylib
0x000000000c8d9000 	/usr/lib/system/libsystem_networkextension.dylib
0x000000000c8d9000 	/usr/lib/system/libsystem_notify.dylib
0x000000000c8d9000 	/usr/lib/system/libsystem_platform.dylib
0x000000000c8d9000 	/usr/lib/system/libsystem_pthread.dylib
0x000000000c8d9000 	/usr/lib/system/libsystem_sandbox.dylib
0x000000000c8d9000 	/usr/lib/system/libsystem_secinit.dylib
0x000000000c8d9000 	/usr/lib/system/libsystem_stats.dylib
0x000000000c8d9000 	/usr/lib/system/libsystem_trace.dylib
0x000000000c8d9000 	/usr/lib/system/libunc.dylib
0x000000000c8d9000 	/usr/lib/system/libunwind.dylib
0x000000000c8d9000 	/usr/lib/system/libxpc.dylib
0x000000000c8d9000 	/usr/lib/libbz2.1.0.dylib
0x000000000c8d9000 	/usr/lib/liblzma.5.dylib
0x000000000c8d9000 	/usr/lib/libbsm.0.dylib
0x000000000c8d9000 	/usr/lib/libsqlite3.dylib
0x000000000c8d9000 	/usr/lib/system/libkxld.dylib
0x000000000c8d9000 	/usr/lib/libxar.1.dylib
0x000000000c8d9000 	/usr/lib/libpam.2.dylib
0x000000000c8d9000 	/usr/lib/libOpenScriptingUtil.dylib
0x000000000c8d9000 	/System/Library/Frameworks/CoreServices.framework/Versions/A/Frameworks/FSEvents.framework/Versions/A/FSEvents
0x000000000c8d9000 	/System/Library/Frameworks/CoreServices.framework/Versions/A/Frameworks/CarbonCore.framework/Versions/A/CarbonCore
0x000000000c8d9000 	/System/Library/Frameworks/CoreServices.framework/Versions/A/Frameworks/Metadata.framework/Versions/A/Metadata
0x000000000c8d9000 	/System/Library/Frameworks/CoreServices.framework/Versions/A/Frameworks/OSServices.framework/Versions/A/OSServices
0x000000000c8d9000 	/System/Library/Frameworks/CoreServices.framework/Versions/A/Frameworks/SearchKit.framework/Versions/A/SearchKit
0x000000000c8d9000 	/System/Library/Frameworks/CoreServices.framework/Versions/A/Frameworks/AE.framework/Versions/A/AE
0x000000000c8d9000 	/System/Library/Frameworks/CoreServices.framework/Versions/A/Frameworks/LaunchServices.framework/Versions/A/LaunchServices
0x000000000c8d9000 	/System/Library/Frameworks/CoreServices.framework/Versions/A/Frameworks/DictionaryServices.framework/Versions/A/DictionaryServices
0x000000000c8d9000 	/System/Library/Frameworks/NetFS.framework/Versions/A/NetFS
0x000000000c8d9000 	/System/Library/PrivateFrameworks/NetAuth.framework/Versions/A/NetAuth
0x000000000c8d9000 	/System/Library/PrivateFrameworks/login.framework/Versions/A/Frameworks/loginsupport.framework/Versions/A/loginsupport
0x000000000c8d9000 	/System/Library/PrivateFrameworks/TCC.framework/Versions/A/TCC
0x000000000c8d9000 	/usr/lib/libmecabra.dylib
0x000000000c8d9000 	/System/Library/Frameworks/ApplicationServices.framework/Versions/A/Frameworks/ATS.framework/Versions/A/ATS
0x000000000c8d9000 	/System/Library/Frameworks/ApplicationServices.framework/Versions/A/Frameworks/ColorSync.framework/Versions/A/ColorSync
0x000000000c8d9000 	/System/Library/Frameworks/ApplicationServices.framework/Versions/A/Frameworks/HIServices.framework/Versions/A/HIServices
0x000000000c8d9000 	/System/Library/Frameworks/ApplicationServices.framework/Versions/A/Frameworks/LangAnalysis.framework/Versions/A/LangAnalysis
0x000000000c8d9000 	/System/Library/Frameworks/ApplicationServices.framework/Versions/A/Frameworks/PrintCore.framework/Versions/A/PrintCore
0x000000000c8d9000 	/System/Library/Frameworks/ApplicationServices.framework/Versions/A/Frameworks/QD.framework/Versions/A/QD
0x000000000c8d9000 	/System/Library/Frameworks/ApplicationServices.framework/Versions/A/Frameworks/SpeechSynthesis.framework/Versions/A/SpeechSynthesis
0x000000000c8d9000 	/System/Library/Frameworks/Accelerate.framework/Versions/A/Accelerate
0x000000000c8d9000 	/System/Library/Frameworks/Accelerate.framework/Versions/A/Frameworks/vImage.framework/Versions/A/vImage
0x000000000c8d9000 	/System/Library/Frameworks/Accelerate.framework/Versions/A/Frameworks/vecLib.framework/Versions/A/vecLib
0x000000000c8d9000 	/System/Library/Frameworks/Accelerate.framework/Versions/A/Frameworks/vecLib.framework/Versions/A/libvDSP.dylib
0x000000000c8d9000 	/System/Library/Frameworks/Accelerate.framework/Versions/A/Frameworks/vecLib.framework/Versions/A/libvMisc.dylib
0x000000000c8d9000 	/System/Library/Frameworks/Accelerate.framework/Versions/A/Frameworks/vecLib.framework/Versions/A/libLAPACK.dylib
0x000000000c8d9000 	/System/Library/Frameworks/Accelerate.framework/Versions/A/Frameworks/vecLib.framework/Versions/A/libBLAS.dylib
0x000000000c8d9000 	/System/Library/Frameworks/Accelerate.framework/Versions/A/Frameworks/vecLib.framework/Versions/A/libLinearAlgebra.dylib
0x000000000c8d9000 	/System/Library/Frameworks/ApplicationServices.framework/Versions/A/Frameworks/ATS.framework/Versions/A/Resources/libFontParser.dylib
0x000000000c8d9000 	/System/Library/Frameworks/ApplicationServices.framework/Versions/A/Frameworks/ATS.framework/Versions/A/Resources/libFontRegistry.dylib
0x000000000c8d9000 	/System/Library/PrivateFrameworks/AppleVPA.framework/Versions/A/AppleVPA
0x000000000c8d9000 	/System/Library/PrivateFrameworks/AppleJPEG.framework/Versions/A/AppleJPEG
0x000000000c8d9000 	/System/Library/Frameworks/ImageIO.framework/Versions/A/Resources/libJPEG.dylib
0x000000000c8d9000 	/System/Library/Frameworks/ImageIO.framework/Versions/A/Resources/libTIFF.dylib
0x000000000c8d9000 	/System/Library/Frameworks/ImageIO.framework/Versions/A/Resources/libPng.dylib
0x000000000c8d9000 	/System/Library/Frameworks/ImageIO.framework/Versions/A/Resources/libGIF.dylib
0x000000000c8d9000 	/System/Library/Frameworks/ImageIO.framework/Versions/A/Resources/libJP2.dylib
0x000000000c8d9000 	/System/Library/Frameworks/ImageIO.framework/Versions/A/Resources/libRadiance.dylib
0x000000000c8d9000 	/System/Library/Frameworks/CoreVideo.framework/Versions/A/CoreVideo
0x000000000c8d9000 	/System/Library/Frameworks/OpenGL.framework/Versions/A/Libraries/libGLU.dylib
0x000000000c8d9000 	/System/Library/Frameworks/OpenGL.framework/Versions/A/Libraries/libGFXShared.dylib
0x000000000c8d9000 	/System/Library/Frameworks/OpenGL.framework/Versions/A/Libraries/libGL.dylib
0x000000000c8d9000 	/System/Library/Frameworks/OpenGL.framework/Versions/A/Libraries/libGLImage.dylib
0x000000000c8d9000 	/System/Library/Frameworks/OpenGL.framework/Versions/A/Libraries/libCVMSPluginSupport.dylib
0x000000000c8d9000 	/System/Library/Frameworks/OpenGL.framework/Versions/A/Libraries/libCoreVMClient.dylib
0x000000000c8d9000 	/usr/lib/libcups.2.dylib
0x000000000c8d9000 	/System/Library/Frameworks/Kerberos.framework/Versions/A/Kerberos
0x000000000c8d9000 	/System/Library/Frameworks/GSS.framework/Versions/A/GSS
0x000000000c8d9000 	/usr/lib/libresolv.9.dylib
0x000000000c8d9000 	/usr/lib/libiconv.2.dylib
0x000000000c8d9000 	/System/Library/PrivateFrameworks/Heimdal.framework/Versions/A/Heimdal
0x000000000c8d9000 	/usr/lib/libheimdal-asn1.dylib
0x000000000c8d9000 	/System/Library/Frameworks/OpenDirectory.framework/Versions/A/OpenDirectory
0x000000000c8d9000 	/System/Library/PrivateFrameworks/CommonAuth.framework/Versions/A/CommonAuth
0x000000000c8d9000 	/System/Library/Frameworks/OpenDirectory.framework/Versions/A/Frameworks/CFOpenDirectory.framework/Versions/A/CFOpenDirectory
0x000000000c8d9000 	/System/Library/Frameworks/SecurityFoundation.framework/Versions/A/SecurityFoundation
0x000000000c8d9000 	/System/Library/PrivateFrameworks/LanguageModeling.framework/Versions/A/LanguageModeling
0x000000000c8d9000 	/usr/lib/libcmph.dylib
0x000000000c8d9000 	/System/Library/Frameworks/ServiceManagement.framework/Versions/A/ServiceManagement
0x000000000c8d9000 	/usr/lib/libxslt.1.dylib
0x000000000c8d9000 	/System/Library/Frameworks/Carbon.framework/Versions/A/Frameworks/Ink.framework/Versions/A/Ink
0x000000000c8d9000 	/System/Library/Frameworks/QuartzCore.framework/Versions/A/Frameworks/CoreImage.framework/Versions/A/CoreImage
0x000000000c8d9000 	/System/Library/PrivateFrameworks/CrashReporterSupport.framework/Versions/A/CrashReporterSupport
0x000000000c8d9000 	/System/Library/Frameworks/OpenCL.framework/Versions/A/OpenCL
0x000000000c8d9000 	/System/Library/PrivateFrameworks/FaceCore.framework/Versions/A/FaceCore
0x000000000c8d9000 	/System/Library/PrivateFrameworks/Ubiquity.framework/Versions/A/Ubiquity
0x000000000c8d9000 	/System/Library/PrivateFrameworks/IconServices.framework/Versions/A/IconServices
0x000000000c8d9000 	/System/Library/PrivateFrameworks/ChunkingLibrary.framework/Versions/A/ChunkingLibrary
0x000000000c8d9000 	/System/Library/PrivateFrameworks/Apple80211.framework/Versions/A/Apple80211
0x000000000c8d9000 	/System/Library/Frameworks/CoreWLAN.framework/Versions/A/CoreWLAN
0x000000000c8d9000 	/System/Library/Frameworks/IOBluetooth.framework/Versions/A/IOBluetooth
0x000000000c8d9000 	/System/Library/PrivateFrameworks/CoreWiFi.framework/Versions/A/CoreWiFi
0x000000000c8d9000 	/System/Library/Frameworks/CoreBluetooth.framework/Versions/A/CoreBluetooth
0x000000000c8d9000 	/System/Library/PrivateFrameworks/DebugSymbols.framework/Versions/A/DebugSymbols
0x000000000c8d9000 	/System/Library/PrivateFrameworks/CoreSymbolication.framework/Versions/A/CoreSymbolication
0x000000000c8d9000 	/System/Library/PrivateFrameworks/Symbolication.framework/Versions/A/Symbolication
0x000000000c8d9000 	/System/Library/PrivateFrameworks/SpeechRecognitionCore.framework/Versions/A/SpeechRecognitionCore
0x0000000107d0a000 	/Library/Java/JavaVirtualMachines/jdk1.7.0_17.jdk/Contents/Home/jre/lib/server/libjvm.dylib
0x000000000c8d9000 	/usr/lib/libstdc++.6.dylib
0x00000001091b4000 	/Library/Java/JavaVirtualMachines/jdk1.7.0_17.jdk/Contents/Home/jre/lib/libverify.dylib
0x00000001091c1000 	/Library/Java/JavaVirtualMachines/jdk1.7.0_17.jdk/Contents/Home/jre/lib/libjava.dylib
0x00000001091fb000 	/Library/Java/JavaVirtualMachines/jdk1.7.0_17.jdk/Contents/Home/jre/lib/libzip.dylib
0x0000000131973000 	/System/Library/Frameworks/JavaVM.framework/Frameworks/JavaRuntimeSupport.framework/JavaRuntimeSupport
0x000000013198b000 	/System/Library/Frameworks/JavaVM.framework/Versions/A/Frameworks/JavaNativeFoundation.framework/Versions/A/JavaNativeFoundation
0x00000001319a0000 	/System/Library/Frameworks/JavaVM.framework/Versions/A/JavaVM
0x000000000c8d9000 	/System/Library/Frameworks/Carbon.framework/Versions/A/Carbon
0x00000001319ad000 	/System/Library/PrivateFrameworks/JavaLaunching.framework/Versions/A/JavaLaunching
0x000000000c8d9000 	/System/Library/Frameworks/Carbon.framework/Versions/A/Frameworks/CommonPanels.framework/Versions/A/CommonPanels
0x000000000c8d9000 	/System/Library/Frameworks/Carbon.framework/Versions/A/Frameworks/Help.framework/Versions/A/Help
0x000000000c8d9000 	/System/Library/Frameworks/Carbon.framework/Versions/A/Frameworks/ImageCapture.framework/Versions/A/ImageCapture
0x000000000c8d9000 	/System/Library/Frameworks/Carbon.framework/Versions/A/Frameworks/OpenScripting.framework/Versions/A/OpenScripting
0x000000000c8d9000 	/System/Library/Frameworks/Carbon.framework/Versions/A/Frameworks/Print.framework/Versions/A/Print
0x000000000c8d9000 	/System/Library/Frameworks/Carbon.framework/Versions/A/Frameworks/SecurityHI.framework/Versions/A/SecurityHI
0x0000000136809000 	/Library/Java/JavaVirtualMachines/jdk1.7.0_17.jdk/Contents/Home/jre/lib/libnio.dylib
0x0000000136818000 	/Library/Java/JavaVirtualMachines/jdk1.7.0_17.jdk/Contents/Home/jre/lib/./libnet.dylib
0x0000000136c2e000 	/Library/Java/JavaVirtualMachines/jdk1.7.0_17.jdk/Contents/Home/jre/lib/libawt.dylib
0x0000000136da3000 	/Library/Java/JavaVirtualMachines/jdk1.7.0_17.jdk/Contents/Home/jre/lib/./libmlib_image.dylib
0x00000001373a7000 	/Library/Java/JavaVirtualMachines/jdk1.7.0_17.jdk/Contents/Home/jre/lib/lwawt/liblwawt.dylib
0x0000000136b35000 	/Library/Java/JavaVirtualMachines/jdk1.7.0_17.jdk/Contents/Home/jre/lib/libosxapp.dylib
0x000000000c8d9000 	/System/Library/Frameworks/ExceptionHandling.framework/Versions/A/ExceptionHandling
0x000000000c8d9000 	/System/Library/PrivateFrameworks/CoreServicesInternal.framework/Versions/A/CoreServicesInternal
0x000000000c8d9000 	/System/Library/PrivateFrameworks/CloudDocs.framework/Versions/A/CloudDocs
0x000000000c8d9000 	/System/Library/PrivateFrameworks/CoreDuet.framework/Versions/A/CoreDuet
0x000000000c8d9000 	/System/Library/Frameworks/CloudKit.framework/Versions/A/CloudKit
0x000000000c8d9000 	/System/Library/PrivateFrameworks/ProtocolBuffer.framework/Versions/A/ProtocolBuffer
0x000000000c8d9000 	/System/Library/PrivateFrameworks/CoreDuetDaemonProtocol.framework/Versions/A/CoreDuetDaemonProtocol
0x000000000c8d9000 	/System/Library/PrivateFrameworks/CoreDuetDebugLogging.framework/Versions/A/CoreDuetDebugLogging
0x000000000c8d9000 	/System/Library/PrivateFrameworks/MMCS.framework/Versions/A/MMCS
0x000000000c8d9000 	/System/Library/Frameworks/CoreLocation.framework/Versions/A/CoreLocation
0x000000000c8d9000 	/System/Library/PrivateFrameworks/ProtectedCloudStorage.framework/Versions/A/ProtectedCloudStorage
0x000000000c8d9000 	/System/Library/PrivateFrameworks/GeoServices.framework/Versions/A/GeoServices
0x000000000c8d9000 	/System/Library/Frameworks/CoreGraphics.framework/Versions/A/Resources/libCGCMS.A.dylib
0x000000000c8d9000 	/System/Library/Frameworks/CoreGraphics.framework/Versions/A/Resources/libRIP.A.dylib
0x000000000c8d9000 	/System/Library/Frameworks/CoreGraphics.framework/Versions/A/Resources/libCGXType.A.dylib
0x000000000c8d9000 	/System/Library/Frameworks/OpenCL.framework/Versions/A/Libraries/libcldcpuengine.dylib
0x000000000c8d9000 	/System/Library/PrivateFrameworks/DiskImages.framework/Versions/A/DiskImages
0x000000000c8d9000 	/System/Library/Frameworks/DiscRecording.framework/Versions/A/DiscRecording
0x000000000c8d9000 	/usr/lib/libcsfde.dylib
0x000000000c8d9000 	/usr/lib/libcurl.4.dylib
0x000000000c8d9000 	/System/Library/PrivateFrameworks/MediaKit.framework/Versions/A/MediaKit
0x000000000c8d9000 	/usr/lib/libCoreStorage.dylib
0x000000000c8d9000 	/System/Library/PrivateFrameworks/EFILogin.framework/Versions/A/EFILogin
0x000000000c8d9000 	/usr/lib/libutil.dylib
0x000000000c8d9000 	/System/Library/PrivateFrameworks/FindMyDevice.framework/Versions/A/FindMyDevice
0x000000000c8d9000 	/System/Library/Frameworks/LDAP.framework/Versions/A/LDAP
0x000000000c8d9000 	/usr/lib/libsasl2.2.dylib
0x000000000c8d9000 	/System/Library/PrivateFrameworks/CoreDaemon.framework/Versions/B/CoreDaemon
0x000000000c8d9000 	/usr/lib/libcrypto.0.9.8.dylib
0x000000000c8d9000 	/System/Library/PrivateFrameworks/AppleSRP.framework/Versions/A/AppleSRP
0x000000000c8d9000 	/System/Library/PrivateFrameworks/TrustEvaluationAgent.framework/Versions/A/TrustEvaluationAgent
0x00000001383bf000 	cl_kernels
0x000000013afec000 	/System/Library/Frameworks/OpenCL.framework/Versions/A/Libraries/ImageFormats/unorm8_bgra.dylib
0x00000001383b1000 	cl_kernels
0x000000000c8d9000 	/System/Library/PrivateFrameworks/FamilyControls.framework/Versions/A/FamilyControls
0x000000000c8d9000 	/System/Library/PrivateFrameworks/CommerceKit.framework/Versions/A/Frameworks/CommerceCore.framework/Versions/A/CommerceCore
0x000000000c8d9000 	/System/Library/PrivateFrameworks/SystemAdministration.framework/Versions/A/SystemAdministration
0x000000000c8d9000 	/System/Library/PrivateFrameworks/AppContainer.framework/Versions/A/AppContainer
0x000000000c8d9000 	/System/Library/PrivateFrameworks/SecCodeWrapper.framework/Versions/A/SecCodeWrapper
0x000000000c8d9000 	/System/Library/Frameworks/DirectoryService.framework/Versions/A/DirectoryService
0x000000000c8d9000 	/System/Library/PrivateFrameworks/LoginUIKit.framework/Versions/A/Frameworks/LoginUICore.framework/Versions/A/LoginUICore
0x000000000c8d9000 	/usr/lib/libodfde.dylib
0x000000013c480000 	/Library/Java/JavaVirtualMachines/jdk1.7.0_17.jdk/Contents/Home/jre/lib/libfontmanager.dylib
0x000000000c8d9000 	/System/Library/Frameworks/OpenGL.framework/Versions/A/Resources/GLEngine.bundle/GLEngine
0x000000000c8d9000 	/System/Library/Frameworks/OpenGL.framework/Versions/A/Libraries/libGLProgrammability.dylib
0x0000000000000000 	/System/Library/Extensions/AppleIntelHD4000GraphicsGLDriver.bundle/Contents/MacOS/AppleIntelHD4000GraphicsGLDriver
0x000000000c8d9000 	/System/Library/PrivateFrameworks/IOAccelerator.framework/Versions/A/IOAccelerator
0x000000000c8d9000 	/System/Library/PrivateFrameworks/GPUSupport.framework/Versions/A/Libraries/libGPUSupportMercury.dylib
0x000000000c8d9000 	/System/Library/Frameworks/OpenGL.framework/Versions/A/Resources/GLRendererFloat.bundle/GLRendererFloat
0x000000013effa000 	/Library/Java/JavaVirtualMachines/jdk1.7.0_17.jdk/Contents/Home/jre/lib/libosxui.dylib
0x000000014040a000 	/Library/Java/JavaVirtualMachines/jdk1.7.0_17.jdk/Contents/Home/jre/lib/libosx.dylib
0x000000014613c000 	/Library/Java/JavaVirtualMachines/jdk1.7.0_17.jdk/Contents/Home/jre/lib/libdcpr.dylib
0x000000000c8d9000 	/System/Library/Frameworks/Accelerate.framework/Versions/A/Frameworks/vImage.framework/Versions/A/Libraries/libCGInterfaces.dylib

VM Arguments:
jvm_args: -Xss10M -Xmx512M -Dfile.encoding=UTF-8 
java_command: repast.simphony.runtime.RepastMain /Users/BinChen/Documents/workspaceReapst2.31/AdhocCollaboration/AdhocCollaboration.rs
Launcher Type: SUN_STANDARD

Environment Variables:
PATH=/usr/bin:/bin:/usr/sbin:/sbin
SHELL=/bin/bash
DISPLAY=/private/tmp/com.apple.launchd.PcVJT2LDoj/org.macosforge.xquartz:0

Signal Handlers:
SIGSEGV: [libjvm.dylib+0x4a361d], sa_mask[0]=0xfffefeff, sa_flags=0x00000042
SIGBUS: [libjvm.dylib+0x4a361d], sa_mask[0]=0xfffefeff, sa_flags=0x00000042
SIGFPE: [libjvm.dylib+0x3b302d], sa_mask[0]=0xfffefeff, sa_flags=0x00000042
SIGPIPE: [libjvm.dylib+0x3b302d], sa_mask[0]=0xfffefeff, sa_flags=0x00000042
SIGXFSZ: [libjvm.dylib+0x3b302d], sa_mask[0]=0xfffefeff, sa_flags=0x00000042
SIGILL: [libjvm.dylib+0x3b302d], sa_mask[0]=0xfffefeff, sa_flags=0x00000042
SIGUSR1: SIG_DFL, sa_mask[0]=0x00000000, sa_flags=0x00000000
SIGUSR2: [libjvm.dylib+0x3b2bc6], sa_mask[0]=0x00000004, sa_flags=0x00000042
SIGHUP: [libjvm.dylib+0x3b0e27], sa_mask[0]=0xfffefeff, sa_flags=0x00000042
SIGINT: [libjvm.dylib+0x3b0e27], sa_mask[0]=0xfffefeff, sa_flags=0x00000042
SIGTERM: [libjvm.dylib+0x3b0e27], sa_mask[0]=0xfffefeff, sa_flags=0x00000042
SIGQUIT: [libjvm.dylib+0x3b0e27], sa_mask[0]=0xfffefeff, sa_flags=0x00000042


---------------  S Y S T E M  ---------------

OS:Bsduname:Darwin 14.4.0 Darwin Kernel Version 14.4.0: Thu May 28 11:35:04 PDT 2015; root:xnu-2782.30.5~1/RELEASE_X86_64 x86_64
rlimit: STACK 8192k, CORE 0k, NPROC 709, NOFILE 10240, AS infinity
load average:4.79 3.84 3.09

CPU:total 4 (2 cores per cpu, 2 threads per core) family 6 model 58 stepping 9, cmov, cx8, fxsr, mmx, sse, sse2, sse3, ssse3, sse4.1, sse4.2, popcnt, avx, ht, tsc, tscinvbit, tscinv

Memory: 4k page, physical 1030484k(257621k free)

/proc/meminfo:


vm_info: Java HotSpot(TM) 64-Bit Server VM (23.7-b01) for bsd-amd64 JRE (1.7.0_17-b02), built on Mar  1 2013 06:41:23 by "java_re" with gcc 4.2.1 (Based on Apple Inc. build 5658) (LLVM build 2336.11.00)

time: Fri Oct 23 14:13:46 2015
elapsed time: 168 seconds

